!! game is NOT reloaded.. !!
[🔑	Password Game_1]
Please write a text string without any space by following a set of given rules. Please write only the answer and follow the following criteria:
- the text has a number that equals to 9 * 0
- the text has 0 uppercase characters
!! game is NOT reloaded.. !!
[🔑	Password Game_1]
Please write a text string without any space by following a set of given rules. Please write only the answer and follow the following criteria:
- the text has a number that equals to 7 - 1 - 9 * 1
- the text has 2 english character
!! game is NOT reloaded.. !!
[🔑	Password Game_1]
Please write a text string without any space by following a set of given rules. Please write only the answer and follow the following criteria:
- the text has a number that equals to 8 - 6 + 8 * 3
- the text has a number that equals to 5 - 9 - 1 - 9
!! game is NOT reloaded.. !!
[🔑	Password Game_1]
Please write a text string without any space by following a set of given rules. Please write only the answer and follow the following criteria:
- the text has a number that equals to 6 * 8 / 3
- the text has 4 roman digits, including 'I', 'V', 'X', 'L', 'C', 'D'
!! game is NOT reloaded.. !!
[🔑	Password Game_1]
Please write a text string without any space by following a set of given rules. Please write only the answer and follow the following criteria:
- the text has the continent of Burkina Faso
- the text has only 6 characters
!! game is NOT reloaded.. !!
[🔑	Password Game_1]
Please write a text string without any space by following a set of given rules. Please write only the answer and follow the following criteria:
- the text has a number that equals to 3 * 6
- the text has 2 special characters, including '!', '@', '#', '$', '%', '^', '&', '*'
!! game is NOT reloaded.. !!
[🔑	Password Game_1]
Please write a text string without any space by following a set of given rules. Please write only the answer and follow the following criteria:
- the text has a number that equals to 1 * 1 * 9 - 3 * 7
- the text has 0 uppercase characters
!! game is NOT reloaded.. !!
[🔑	Password Game_1]
Please write a text string without any space by following a set of given rules. Please write only the answer and follow the following criteria:
- the text has "madrilenian" string
- the text has a number that equals to 8 * 9
!! game is NOT reloaded.. !!
[🔑	Password Game_1]
Please write a text string without any space by following a set of given rules. Please write only the answer and follow the following criteria:
- the text has a number that equals to 9 - 9
- the text has 3 english character
!! game is NOT reloaded.. !!
[🔑	Password Game_1]
Please write a text string without any space by following a set of given rules. Please write only the answer and follow the following criteria:
- the text has the capital city of Tonga
- the text has a number that equals to 6 / 6
!! game is NOT reloaded.. !!
[🔑	Password Game_1]
Please write a text string without any space by following a set of given rules. Please write only the answer and follow the following criteria:
- the text has a number that equals to 0 / 5 * 0
- the text has 0 uppercase characters
!! game is NOT reloaded.. !!
[🔑	Password Game_1]
Please write a text string without any space by following a set of given rules. Please write only the answer and follow the following criteria:
- the text has a number that equals to 1 + 4 - 6 - 6 + 4 / 4
- the text has a number that equals to 0 / 9 / 2 / 7 * 3 - 9
!! game is NOT reloaded.. !!
[🔑	Password Game_1]
Please write a text string without any space by following a set of given rules. Please write only the answer and follow the following criteria:
- the text has the capital city of New Zealand
- the text has 4 roman digits, including 'I', 'V', 'X', 'L', 'C', 'D'
!! game is NOT reloaded.. !!
[🔑	Password Game_1]
Please write a text string without any space by following a set of given rules. Please write only the answer and follow the following criteria:
- the text has a number that equals to 8 + 1 - 4 * 1
- the text has 5 number digits
!! game is NOT reloaded.. !!
[🔑	Password Game_1]
Please write a text string without any space by following a set of given rules. Please write only the answer and follow the following criteria:
- the text has a number that equals to 4 - 7 + 2 - 5
- the text has 4 roman digits, including 'I', 'V', 'X', 'L', 'C', 'D'
!! game is NOT reloaded.. !!
[🔑	Password Game_1]
Please write a text string without any space by following a set of given rules. Please write only the answer and follow the following criteria:
- the text has "nonchurchgoing" string
- the text has a number that equals to 3 - 2 + 4 + 0 * 2
!! game is NOT reloaded.. !!
[🔑	Password Game_1]
Please write a text string without any space by following a set of given rules. Please write only the answer and follow the following criteria:
- the text has the capital city of Cape Verde
- the text has 0 uppercase characters
!! game is NOT reloaded.. !!
[🔑	Password Game_1]
Please write a text string without any space by following a set of given rules. Please write only the answer and follow the following criteria:
- the text has the continent of Mali
- the text has a number that equals to 8 * 1 - 7 - 1 * 2
!! game is NOT reloaded.. !!
[🔑	Password Game_1]
Please write a text string without any space by following a set of given rules. Please write only the answer and follow the following criteria:
- the text has the capital city of Ivory Coast
- the text has 4 special characters, including '!', '@', '#', '$', '%', '^', '&', '*'
!! game is NOT reloaded.. !!
[🔑	Password Game_1]
Please write a text string without any space by following a set of given rules. Please write only the answer and follow the following criteria:
- the text has a number that equals to 3 * 2 + 3
- the text has 1 english character
!! game is NOT reloaded.. !!
[🔑	Password Game_1]
Please write a text string without any space by following a set of given rules. Please write only the answer and follow the following criteria:
- the text has the capital city of Saudi Arabia
- the text has the continent of Niue
!! game is NOT reloaded.. !!
[🔑	Password Game_1]
Please write a text string without any space by following a set of given rules. Please write only the answer and follow the following criteria:
- the text has a number that equals to 4 / 4 - 1 + 3
- the text has 0 lowercase characters
!! game is NOT reloaded.. !!
[🔑	Password Game_1]
Please write a text string without any space by following a set of given rules. Please write only the answer and follow the following criteria:
- the text has the continent of Equatorial Guinea
- the text has a number that equals to 2 - 5
!! game is NOT reloaded.. !!
[🔑	Password Game_1]
Please write a text string without any space by following a set of given rules. Please write only the answer and follow the following criteria:
- the text has the capital city of Czech Republic
- the text has 5 special characters, including '!', '@', '#', '$', '%', '^', '&', '*'
!! game is NOT reloaded.. !!
[🔑	Password Game_1]
Please write a text string without any space by following a set of given rules. Please write only the answer and follow the following criteria:
- the text has the capital city of Cape Verde
- the text has 3 special characters, including '!', '@', '#', '$', '%', '^', '&', '*'
!! game is NOT reloaded.. !!
[🔑	Password Game_1]
Please write a text string without any space by following a set of given rules. Please write only the answer and follow the following criteria:
- the text has a number that equals to 5 + 0 - 1 + 7 * 1 + 9
- the text has 0 'p' character
!! game is NOT reloaded.. !!
[🔑	Password Game_1]
Please write a text string without any space by following a set of given rules. Please write only the answer and follow the following criteria:
- the text has a number that equals to 7 - 9 + 3 * 3
- the text has 3 roman digits, including 'I', 'V', 'X', 'L', 'C', 'D'
!! game is NOT reloaded.. !!
[🔑	Password Game_1]
Please write a text string without any space by following a set of given rules. Please write only the answer and follow the following criteria:
- the text has a number that equals to 6 * 2 - 2
- the text has a number that equals to 9 - 8 * 4
!! game is NOT reloaded.. !!
[🔑	Password Game_1]
Please write a text string without any space by following a set of given rules. Please write only the answer and follow the following criteria:
- the text has the capital city of Gabon
- the text has a number that equals to 7 * 0 * 5 + 7 + 0
!! game is NOT reloaded.. !!
[🔑	Password Game_1]
Please write a text string without any space by following a set of given rules. Please write only the answer and follow the following criteria:
- the text has a number that equals to 2 - 0 - 1 * 4
- the text has only 2 characters
!! game is NOT reloaded.. !!
[🔑	Password Game_1]
Please write a text string without any space by following a set of given rules. Please write only the answer and follow the following criteria:
- the text has the continent of Guinea-Bissau
- the text has 7 english character
!! game is NOT reloaded.. !!
[🔑	Password Game_1]
Please write a text string without any space by following a set of given rules. Please write only the answer and follow the following criteria:
- the text has a number that equals to 0 / 1 / 1 * 1 + 6 / 1
- the text has 4 roman digits, including 'I', 'V', 'X', 'L', 'C', 'D'
!! game is NOT reloaded.. !!
[🔑	Password Game_1]
Please write a text string without any space by following a set of given rules. Please write only the answer and follow the following criteria:
- the text has a number that equals to 8 / 4 + 8
- the text has a number that equals to 2 + 8 - 0 / 3
!! game is NOT reloaded.. !!
[🔑	Password Game_1]
Please write a text string without any space by following a set of given rules. Please write only the answer and follow the following criteria:
- the text has a number that equals to 7 + 2 * 6 + 3 - 1
- the text has a number that equals to 5 + 1 - 1 - 4
!! game is NOT reloaded.. !!
[🔑	Password Game_1]
Please write a text string without any space by following a set of given rules. Please write only the answer and follow the following criteria:
- the text has a number that equals to 9 * 1 - 9 + 0 - 6
- the text has the continent of North Korea
!! game is NOT reloaded.. !!
[🔑	Password Game_1]
Please write a text string without any space by following a set of given rules. Please write only the answer and follow the following criteria:
- the text has the capital city of Greece
- the text has the capital city of Ivory Coast
!! game is NOT reloaded.. !!
[🔑	Password Game_1]
Please write a text string without any space by following a set of given rules. Please write only the answer and follow the following criteria:
- the text has a number that equals to 6 - 9 * 0
- the text has a number that equals to 4 - 5 * 5 + 9 + 7
!! game is NOT reloaded.. !!
[🔑	Password Game_1]
Please write a text string without any space by following a set of given rules. Please write only the answer and follow the following criteria:
- the text has a number that equals to 6 * 5 + 4 + 0 + 5
- the text has 0 'b' character
!! game is NOT reloaded.. !!
[🔑	Password Game_1]
Please write a text string without any space by following a set of given rules. Please write only the answer and follow the following criteria:
- the text has the capital city of Saudi Arabia
- the text has 0 'v' character
!! game is NOT reloaded.. !!
[🔑	Password Game_1]
Please write a text string without any space by following a set of given rules. Please write only the answer and follow the following criteria:
- the text has a number that equals to 6 - 3 * 1 * 1 / 9 * 0
- the text has the continent of Lithuania
!! game is NOT reloaded.. !!
[🔑	Password Game_1]
Please write a text string without any space by following a set of given rules. Please write only the answer and follow the following criteria:
- the text has the continent of South Korea
- the text has 5 number digits
!! game is NOT reloaded.. !!
[🔑	Password Game_1]
Please write a text string without any space by following a set of given rules. Please write only the answer and follow the following criteria:
- the text has a number that equals to 3 + 2 + 2 / 2
- the text has 4 special characters, including '!', '@', '#', '$', '%', '^', '&', '*'
!! game is NOT reloaded.. !!
[🔑	Password Game_1]
Please write a text string without any space by following a set of given rules. Please write only the answer and follow the following criteria:
- the text has a number that equals to 4 * 2 * 0 / 8
- the text has the capital city of Belarus
!! game is NOT reloaded.. !!
[🔑	Password Game_1]
Please write a text string without any space by following a set of given rules. Please write only the answer and follow the following criteria:
- the text has the capital city of Eritrea
- the text has the continent of Democratic Republic of the Congo
!! game is NOT reloaded.. !!
[🔑	Password Game_1]
Please write a text string without any space by following a set of given rules. Please write only the answer and follow the following criteria:
- the text has a number that equals to 5 + 5
- the text has 1 english character
!! game is NOT reloaded.. !!
[🔑	Password Game_1]
Please write a text string without any space by following a set of given rules. Please write only the answer and follow the following criteria:
- the text has a number that equals to 3 + 8 / 9 * 9 + 0
- the text has 3 english character
!! game is NOT reloaded.. !!
[🔑	Password Game_1]
Please write a text string without any space by following a set of given rules. Please write only the answer and follow the following criteria:
- the text has the capital city of Cape Verde
- the text has 5 special characters, including '!', '@', '#', '$', '%', '^', '&', '*'
!! game is NOT reloaded.. !!
[🔑	Password Game_1]
Please write a text string without any space by following a set of given rules. Please write only the answer and follow the following criteria:
- the text has "marginate" string
- the text has a number that equals to 1 + 8 - 0 / 5 - 7 - 5
!! game is NOT reloaded.. !!
[🔑	Password Game_1]
Please write a text string without any space by following a set of given rules. Please write only the answer and follow the following criteria:
- the text has the continent of Faroe Islands
- the text has 0 uppercase characters
!! game is NOT reloaded.. !!
[🔑	Password Game_1]
Please write a text string without any space by following a set of given rules. Please write only the answer and follow the following criteria:
- the text has a number that equals to 8 + 8 * 6 - 9
- the text has 0 'Y' character
!! game is NOT reloaded.. !!
[🔑	Password Game_1]
Please write a text string without any space by following a set of given rules. Please write only the answer and follow the following criteria:
- the text has a number that equals to 0 - 9 * 8 - 0 * 1
- the text has 5 special characters, including '!', '@', '#', '$', '%', '^', '&', '*'
!! game is NOT reloaded.. !!
[🔑	Password Game_1]
Please write a text string without any space by following a set of given rules. Please write only the answer and follow the following criteria:
- the text has a number that equals to 9 + 2 + 8 + 1 + 0
- the text has 0 'a' character
!! game is NOT reloaded.. !!
[🔑	Password Game_1]
Please write a text string without any space by following a set of given rules. Please write only the answer and follow the following criteria:
- the text has the continent of Northern Cyprus
- the text has the continent of Comoros
!! game is NOT reloaded.. !!
[🔑	Password Game_1]
Please write a text string without any space by following a set of given rules. Please write only the answer and follow the following criteria:
- the text has the continent of South Korea
- the text has the continent of Belgium
!! game is NOT reloaded.. !!
[🔑	Password Game_1]
Please write a text string without any space by following a set of given rules. Please write only the answer and follow the following criteria:
- the text has a number that equals to 9 * 3 * 5 * 0
- the text has 3 special characters, including '!', '@', '#', '$', '%', '^', '&', '*'
!! game is NOT reloaded.. !!
[🔑	Password Game_1]
Please write a text string without any space by following a set of given rules. Please write only the answer and follow the following criteria:
- the text has a number that equals to 6 + 1 + 4
- the text has 0 lowercase characters
!! game is NOT reloaded.. !!
[🔑	Password Game_1]
Please write a text string without any space by following a set of given rules. Please write only the answer and follow the following criteria:
- the text has a number that equals to 0 - 1 - 1 * 1
- the text has the continent of South Africa
!! game is NOT reloaded.. !!
[🔑	Password Game_1]
Please write a text string without any space by following a set of given rules. Please write only the answer and follow the following criteria:
- the text has a number that equals to 6 - 1 * 2 * 6 - 7
- the text has 7 number digits
!! game is NOT reloaded.. !!
[🔑	Password Game_1]
Please write a text string without any space by following a set of given rules. Please write only the answer and follow the following criteria:
- the text has a number that equals to 3 - 4 + 4 * 7 + 0 - 6
- the text has a number that equals to 2 - 0 + 2 * 0
!! game is NOT reloaded.. !!
[🔑	Password Game_1]
Please write a text string without any space by following a set of given rules. Please write only the answer and follow the following criteria:
- the text has a number that equals to 5 - 2 * 4
- the text has 4 number digits
!! game is NOT reloaded.. !!
[🔑	Password Game_1]
Please write a text string without any space by following a set of given rules. Please write only the answer and follow the following criteria:
- the text has the continent of Sierra Leone
- the text has 1 special characters, including '!', '@', '#', '$', '%', '^', '&', '*'
!! game is NOT reloaded.. !!
[🔑	Password Game_1]
Please write a text string without any space by following a set of given rules. Please write only the answer and follow the following criteria:
- the text has the continent of Greece
- the text has a number that equals to 5 * 7 - 7
!! game is NOT reloaded.. !!
[🔑	Password Game_1]
Please write a text string without any space by following a set of given rules. Please write only the answer and follow the following criteria:
- the text has "solanders" string
- the text has a number that equals to 6 * 0 / 4 * 1
!! game is NOT reloaded.. !!
[🔑	Password Game_1]
Please write a text string without any space by following a set of given rules. Please write only the answer and follow the following criteria:
- the text has a number that equals to 9 * 8
- the text has 0 'E' character
!! game is NOT reloaded.. !!
[🔑	Password Game_1]
Please write a text string without any space by following a set of given rules. Please write only the answer and follow the following criteria:
- the text has a number that equals to 7 + 4 * 2 + 1 * 8 + 3
- the text has the capital city of China
!! game is NOT reloaded.. !!
[🔑	Password Game_1]
Please write a text string without any space by following a set of given rules. Please write only the answer and follow the following criteria:
- the text has the continent of Åland Islands
- the text has the capital city of Ghana
!! game is NOT reloaded.. !!
[🔑	Password Game_1]
Please write a text string without any space by following a set of given rules. Please write only the answer and follow the following criteria:
- the text has the continent of Guam
- the text has a number that equals to 5 - 2 + 0 / 1
!! game is NOT reloaded.. !!
[🔑	Password Game_1]
Please write a text string without any space by following a set of given rules. Please write only the answer and follow the following criteria:
- the text has the capital city of South Africa
- the text has 2 number digits
!! game is NOT reloaded.. !!
[🔑	Password Game_1]
Please write a text string without any space by following a set of given rules. Please write only the answer and follow the following criteria:
- the text has "approbate" string
- the text has the continent of Marshall Islands
!! game is NOT reloaded.. !!
[🔑	Password Game_1]
Please write a text string without any space by following a set of given rules. Please write only the answer and follow the following criteria:
- the text has a number that equals to 9 / 7 * 0 * 4 - 6 - 0
- the text has the capital city of Lesotho
!! game is NOT reloaded.. !!
[🔑	Password Game_1]
Please write a text string without any space by following a set of given rules. Please write only the answer and follow the following criteria:
- the text has a number that equals to 3 + 2 + 6 / 6
- the text has 3 number digits
!! game is NOT reloaded.. !!
[🔑	Password Game_1]
Please write a text string without any space by following a set of given rules. Please write only the answer and follow the following criteria:
- the text has a number that equals to 7 * 6
- the text has 4 special characters, including '!', '@', '#', '$', '%', '^', '&', '*'
!! game is NOT reloaded.. !!
[🔑	Password Game_1]
Please write a text string without any space by following a set of given rules. Please write only the answer and follow the following criteria:
- the text has a number that equals to 9 + 0 / 7
- the text has only 1 characters
!! game is NOT reloaded.. !!
[🔑	Password Game_1]
Please write a text string without any space by following a set of given rules. Please write only the answer and follow the following criteria:
- the text has a number that equals to 3 + 7 + 9 * 8 + 7 * 9
- the text has a number that equals to 5 * 4 * 9 * 6
!! game is NOT reloaded.. !!
[🔑	Password Game_1]
Please write a text string without any space by following a set of given rules. Please write only the answer and follow the following criteria:
- the text has the capital city of South Africa
- the text has 4 special characters, including '!', '@', '#', '$', '%', '^', '&', '*'
!! game is NOT reloaded.. !!
[🔑	Password Game_1]
Please write a text string without any space by following a set of given rules. Please write only the answer and follow the following criteria:
- the text has the continent of Faroe Islands
- the text has 4 roman digits, including 'I', 'V', 'X', 'L', 'C', 'D'
!! game is NOT reloaded.. !!
[🔑	Password Game_1]
Please write a text string without any space by following a set of given rules. Please write only the answer and follow the following criteria:
- the text has a number that equals to 0 - 5 + 7 + 9
- the text has a number that equals to 6 * 9 * 4 / 8
!! game is NOT reloaded.. !!
[🔑	Password Game_1]
Please write a text string without any space by following a set of given rules. Please write only the answer and follow the following criteria:
- the text has a number that equals to 6 * 9
- the text has 2 english character
!! game is NOT reloaded.. !!
[🔑	Password Game_1]
Please write a text string without any space by following a set of given rules. Please write only the answer and follow the following criteria:
- the text has a number that equals to 7 - 3 + 1 * 7 * 1 * 0
- the text has 2 roman digits, including 'I', 'V', 'X', 'L', 'C', 'D'
!! game is NOT reloaded.. !!
[🔑	Password Game_1]
Please write a text string without any space by following a set of given rules. Please write only the answer and follow the following criteria:
- the text has a number that equals to 0 / 3 * 8 / 7 + 5 - 4
- the text has 1 special characters, including '!', '@', '#', '$', '%', '^', '&', '*'
!! game is NOT reloaded.. !!
[🔑	Password Game_1]
Please write a text string without any space by following a set of given rules. Please write only the answer and follow the following criteria:
- the text has a number that equals to 2 - 1 + 0 - 0
- the text has 3 english character
!! game is NOT reloaded.. !!
[🔑	Password Game_1]
Please write a text string without any space by following a set of given rules. Please write only the answer and follow the following criteria:
- the text has a number that equals to 0 / 6 * 7 * 8 + 3 * 3
- the text has 0 uppercase characters
!! game is NOT reloaded.. !!
[🔑	Password Game_1]
Please write a text string without any space by following a set of given rules. Please write only the answer and follow the following criteria:
- the text has the capital city of Japan
- the text has a number that equals to 0 * 1 + 5
!! game is NOT reloaded.. !!
[🔑	Password Game_1]
Please write a text string without any space by following a set of given rules. Please write only the answer and follow the following criteria:
- the text has a number that equals to 0 - 3 * 4 - 6 * 1 * 9
- the text has 5 roman digits, including 'I', 'V', 'X', 'L', 'C', 'D'
!! game is NOT reloaded.. !!
[🔑	Password Game_1]
Please write a text string without any space by following a set of given rules. Please write only the answer and follow the following criteria:
- the text has a number that equals to 8 - 4 * 5 + 0 * 3
- the text has 5 special characters, including '!', '@', '#', '$', '%', '^', '&', '*'
!! game is NOT reloaded.. !!
[🔑	Password Game_1]
Please write a text string without any space by following a set of given rules. Please write only the answer and follow the following criteria:
- the text has a number that equals to 3 - 6 + 7 * 4
- the text has 5 number digits
!! game is NOT reloaded.. !!
[🔑	Password Game_1]
Please write a text string without any space by following a set of given rules. Please write only the answer and follow the following criteria:
- the text has a number that equals to 8 - 2
- the text has 5 english character
!! game is NOT reloaded.. !!
[🔑	Password Game_1]
Please write a text string without any space by following a set of given rules. Please write only the answer and follow the following criteria:
- the text has a number that equals to 9 + 4 + 6
- the text has 4 number digits
!! game is NOT reloaded.. !!
[🔑	Password Game_1]
Please write a text string without any space by following a set of given rules. Please write only the answer and follow the following criteria:
- the text has a number that equals to 2 - 6 / 3
- the text has only 1 characters
!! game is NOT reloaded.. !!
[🔑	Password Game_1]
Please write a text string without any space by following a set of given rules. Please write only the answer and follow the following criteria:
- the text has a number that equals to 0 * 6 - 7 * 6 - 4 - 9
- the text has "cardiophobe" string
!! game is NOT reloaded.. !!
[🔑	Password Game_1]
Please write a text string without any space by following a set of given rules. Please write only the answer and follow the following criteria:
- the text has a number that equals to 3 / 4 * 0 / 2 - 7
- the text has 4 english character
!! game is NOT reloaded.. !!
[🔑	Password Game_1]
Please write a text string without any space by following a set of given rules. Please write only the answer and follow the following criteria:
- the text has the continent of Solomon Islands
- the text has 5 roman digits, including 'I', 'V', 'X', 'L', 'C', 'D'
!! game is NOT reloaded.. !!
[🔑	Password Game_1]
Please write a text string without any space by following a set of given rules. Please write only the answer and follow the following criteria:
- the text has a number that equals to 9 * 7 * 6
- the text has the continent of Morocco
!! game is NOT reloaded.. !!
[🔑	Password Game_1]
Please write a text string without any space by following a set of given rules. Please write only the answer and follow the following criteria:
- the text has the capital city of Bosnia and Herzegovina
- the text has 4 special characters, including '!', '@', '#', '$', '%', '^', '&', '*'
!! game is NOT reloaded.. !!
[🔑	Password Game_1]
Please write a text string without any space by following a set of given rules. Please write only the answer and follow the following criteria:
- the text has the capital city of Lebanon
- the text has a number that equals to 8 / 2 - 8 - 3 - 7 * 2
!! game is NOT reloaded.. !!
[🔑	Password Game_1]
Please write a text string without any space by following a set of given rules. Please write only the answer and follow the following criteria:
- the text has a number that equals to 5 - 4 - 6 - 7
- the text has 0 'b' character
!! game is NOT reloaded.. !!
[🔑	Password Game_1]
Please write a text string without any space by following a set of given rules. Please write only the answer and follow the following criteria:
- the text has a number that equals to 6 - 6
- the text has 4 special characters, including '!', '@', '#', '$', '%', '^', '&', '*'
!! game is NOT reloaded.. !!
[🔑	Password Game_1]
Please write a text string without any space by following a set of given rules. Please write only the answer and follow the following criteria:
- the text has a number that equals to 6 + 1 * 0
- the text has only 1 characters
!! game is NOT reloaded.. !!
[🔑	Password Game_1]
Please write a text string without any space by following a set of given rules. Please write only the answer and follow the following criteria:
- the text has the capital city of East Timor
- the text has 4 lowercase characters
!! game is NOT reloaded.. !!
[🔑	Password Game_1]
Please write a text string without any space by following a set of given rules. Please write only the answer and follow the following criteria:
- the text has the capital city of Serbia
- the text has a number that equals to 6 - 8 / 8 - 1 + 0 - 0
!! game is NOT reloaded.. !!
[🔑	Password Game_1]
Please write a text string without any space by following a set of given rules. Please write only the answer and follow the following criteria:
- the text has a number that equals to 5 * 7 - 5
- the text has the capital city of Guam
!! game is NOT reloaded.. !!
[🔑	Password Game_1]
Please write a text string without any space by following a set of given rules. Please write only the answer and follow the following criteria:
- the text has the continent of Gabon
- the text has a number that equals to 3 - 6 + 5 * 8 * 1 - 7
!! game is NOT reloaded.. !!
[🔑	Password Game_1]
Please write a text string without any space by following a set of given rules. Please write only the answer and follow the following criteria:
- the text has the capital city of East Timor
- the text has 4 lowercase characters
!! game is NOT reloaded.. !!
[🔑	Password Game_1]
Please write a text string without any space by following a set of given rules. Please write only the answer and follow the following criteria:
- the text has a number that equals to 4 + 3 + 2 * 8 + 2
- the text has 6 number digits
!! game is NOT reloaded.. !!
[🔑	Password Game_1]
Please write a text string without any space by following a set of given rules. Please write only the answer and follow the following criteria:
- the text has the continent of Hungary
- the text has a number that equals to 2 * 7 - 9
!! game is NOT reloaded.. !!
[🔑	Password Game_1]
Please write a text string without any space by following a set of given rules. Please write only the answer and follow the following criteria:
- the text has "prelimitation" string
- the text has a number that equals to 9 * 0 + 3 + 0
!! game is NOT reloaded.. !!
[🔑	Password Game_1]
Please write a text string without any space by following a set of given rules. Please write only the answer and follow the following criteria:
- the text has a number that equals to 6 + 0 - 0 - 9 - 0 - 2
- the text has a number that equals to 8 * 7 * 3 / 4
!! game is NOT reloaded.. !!
[🔑	Password Game_1]
Please write a text string without any space by following a set of given rules. Please write only the answer and follow the following criteria:
- the text has the capital city of Afghanistan
- the text has a number that equals to 2 * 1 - 8
!! game is NOT reloaded.. !!
[🔑	Password Game_1]
Please write a text string without any space by following a set of given rules. Please write only the answer and follow the following criteria:
- the text has the continent of Libya
- the text has the continent of North Korea
!! game is NOT reloaded.. !!
[🔑	Password Game_1]
Please write a text string without any space by following a set of given rules. Please write only the answer and follow the following criteria:
- the text has a number that equals to 7 - 6
- the text has the continent of Burkina Faso
!! game is NOT reloaded.. !!
[🔑	Password Game_1]
Please write a text string without any space by following a set of given rules. Please write only the answer and follow the following criteria:
- the text has a number that equals to 5 - 4 + 2 - 0 - 2 * 0
- the text has 3 english character
!! game is NOT reloaded.. !!
[🔑	Password Game_1]
Please write a text string without any space by following a set of given rules. Please write only the answer and follow the following criteria:
- the text has a number that equals to 3 * 5 * 1 - 9
- the text has 5 english character
!! game is NOT reloaded.. !!
[🔑	Password Game_1]
Please write a text string without any space by following a set of given rules. Please write only the answer and follow the following criteria:
- the text has a number that equals to 5 + 6 * 9 * 6
- the text has 2 special characters, including '!', '@', '#', '$', '%', '^', '&', '*'
!! game is NOT reloaded.. !!
[🔑	Password Game_1]
Please write a text string without any space by following a set of given rules. Please write only the answer and follow the following criteria:
- the text has a number that equals to 7 / 1
- the text has the capital city of Portugal
!! game is NOT reloaded.. !!
[🔑	Password Game_1]
Please write a text string without any space by following a set of given rules. Please write only the answer and follow the following criteria:
- the text has a number that equals to 4 - 9 * 2 + 2 - 8
- the text has "paramiographer" string
!! game is NOT reloaded.. !!
[🔑	Password Game_1]
Please write a text string without any space by following a set of given rules. Please write only the answer and follow the following criteria:
- the text has the continent of Bosnia and Herzegovina
- the text has 6 lowercase characters
!! game is NOT reloaded.. !!
[🔑	Password Game_1]
Please write a text string without any space by following a set of given rules. Please write only the answer and follow the following criteria:
- the text has a number that equals to 9 + 9 - 4
- the text has a number that equals to 0 / 4 - 6 - 6 - 8
!! game is NOT reloaded.. !!
[🔑	Password Game_1]
Please write a text string without any space by following a set of given rules. Please write only the answer and follow the following criteria:
- the text has a number that equals to 7 - 3
- the text has 3 roman digits, including 'I', 'V', 'X', 'L', 'C', 'D'
!! game is NOT reloaded.. !!
[🔑	Password Game_1]
Please write a text string without any space by following a set of given rules. Please write only the answer and follow the following criteria:
- the text has the continent of Faroe Islands
- the text has only 6 characters
!! game is NOT reloaded.. !!
[🔑	Password Game_1]
Please write a text string without any space by following a set of given rules. Please write only the answer and follow the following criteria:
- the text has a number that equals to 2 - 7 - 4
- the text has a number that equals to 6 * 4 + 5 * 2 - 8 + 1
!! game is NOT reloaded.. !!
[🔑	Password Game_1]
Please write a text string without any space by following a set of given rules. Please write only the answer and follow the following criteria:
- the text has a number that equals to 4 * 8 + 3
- the text has 0 lowercase characters
!! game is NOT reloaded.. !!
[🔑	Password Game_1]
Please write a text string without any space by following a set of given rules. Please write only the answer and follow the following criteria:
- the text has a number that equals to 0 * 3 / 8 + 1
- the text has only 1 characters
!! game is NOT reloaded.. !!
[🔑	Password Game_1]
Please write a text string without any space by following a set of given rules. Please write only the answer and follow the following criteria:
- the text has a number that equals to 7 / 1
- the text has 1 english character
!! game is NOT reloaded.. !!
[🔑	Password Game_1]
Please write a text string without any space by following a set of given rules. Please write only the answer and follow the following criteria:
- the text has a number that equals to 3 + 9 + 8 - 9 + 2 + 1
- the text has a number that equals to 6 * 4 / 3 * 2 + 4
!! game is NOT reloaded.. !!
[🔑	Password Game_1]
Please write a text string without any space by following a set of given rules. Please write only the answer and follow the following criteria:
- the text has the continent of Norfolk Island
- the text has the continent of Israel
!! game is NOT reloaded.. !!
[🔑	Password Game_1]
Please write a text string without any space by following a set of given rules. Please write only the answer and follow the following criteria:
- the text has a number that equals to 8 - 7 - 2 + 1 - 3
- the text has 5 roman digits, including 'I', 'V', 'X', 'L', 'C', 'D'
!! game is NOT reloaded.. !!
[🔑	Password Game_1]
Please write a text string without any space by following a set of given rules. Please write only the answer and follow the following criteria:
- the text has a number that equals to 3 + 3 - 6 - 2 + 7 + 3
- the text has only 1 characters
!! game is NOT reloaded.. !!
[🔑	Password Game_1]
Please write a text string without any space by following a set of given rules. Please write only the answer and follow the following criteria:
- the text has the capital city of Åland Islands
- the text has 4 special characters, including '!', '@', '#', '$', '%', '^', '&', '*'
!! game is NOT reloaded.. !!
[🔑	Password Game_1]
Please write a text string without any space by following a set of given rules. Please write only the answer and follow the following criteria:
- the text has a number that equals to 4 * 4 - 7 - 2 + 1 * 7
- the text has 0 uppercase characters
!! game is NOT reloaded.. !!
[🔑	Password Game_1]
Please write a text string without any space by following a set of given rules. Please write only the answer and follow the following criteria:
- the text has a number that equals to 0 + 1 - 8 + 4 / 1
- the text has 5 special characters, including '!', '@', '#', '$', '%', '^', '&', '*'
!! game is NOT reloaded.. !!
[🔑	Password Game_1]
Please write a text string without any space by following a set of given rules. Please write only the answer and follow the following criteria:
- the text has the capital city of Bosnia and Herzegovina
- the text has 0 'T' character
!! game is NOT reloaded.. !!
[🔑	Password Game_1]
Please write a text string without any space by following a set of given rules. Please write only the answer and follow the following criteria:
- the text has a number that equals to 5 - 2 + 0 / 7
- the text has only 1 characters
!! game is NOT reloaded.. !!
[🔑	Password Game_1]
Please write a text string without any space by following a set of given rules. Please write only the answer and follow the following criteria:
- the text has a number that equals to 5 - 0 / 5
- the text has 0 lowercase characters
!! game is NOT reloaded.. !!
[🔑	Password Game_1]
Please write a text string without any space by following a set of given rules. Please write only the answer and follow the following criteria:
- the text has a number that equals to 5 - 4 + 2 - 5 + 3
- the text has 4 english character
!! game is NOT reloaded.. !!
[🔑	Password Game_1]
Please write a text string without any space by following a set of given rules. Please write only the answer and follow the following criteria:
- the text has the capital city of Saudi Arabia
- the text has 1 roman digits, including 'I', 'V', 'X', 'L', 'C', 'D'
!! game is NOT reloaded.. !!
[🔑	Password Game_1]
Please write a text string without any space by following a set of given rules. Please write only the answer and follow the following criteria:
- the text has "hydromaniac" string
- the text has a number that equals to 3 + 6 * 1
!! game is NOT reloaded.. !!
[🔑	Password Game_1]
Please write a text string without any space by following a set of given rules. Please write only the answer and follow the following criteria:
- the text has the capital city of North Korea
- the text has "teraohm" string
!! game is NOT reloaded.. !!
[🔑	Password Game_1]
Please write a text string without any space by following a set of given rules. Please write only the answer and follow the following criteria:
- the text has a number that equals to 9 * 5 - 1 * 0 + 3 * 6
- the text has only 2 characters
!! game is NOT reloaded.. !!
[🔑	Password Game_1]
Please write a text string without any space by following a set of given rules. Please write only the answer and follow the following criteria:
- the text has a number that equals to 7 * 7 + 0
- the text has 0 lowercase characters
!! game is NOT reloaded.. !!
[🔑	Password Game_1]
Please write a text string without any space by following a set of given rules. Please write only the answer and follow the following criteria:
- the text has a number that equals to 5 * 6 + 4 * 8 - 9 - 0
- the text has 0 lowercase characters
!! game is NOT reloaded.. !!
[🔑	Password Game_1]
Please write a text string without any space by following a set of given rules. Please write only the answer and follow the following criteria:
- the text has a number that equals to 5 / 2 / 8 / 1 * 0
- the text has 3 english character
!! game is NOT reloaded.. !!
[🔑	Password Game_1]
Please write a text string without any space by following a set of given rules. Please write only the answer and follow the following criteria:
- the text has a number that equals to 6 / 6 - 2 * 4 * 2 + 8
- the text has the continent of Tajikistan
!! game is NOT reloaded.. !!
[🔑	Password Game_1]
Please write a text string without any space by following a set of given rules. Please write only the answer and follow the following criteria:
- the text has a number that equals to 1 * 5 - 8 * 9 + 3 - 2
- the text has only 3 characters
!! game is NOT reloaded.. !!
[🔑	Password Game_1]
Please write a text string without any space by following a set of given rules. Please write only the answer and follow the following criteria:
- the text has a number that equals to 7 / 7 - 8 + 8 - 5
- the text has only 2 characters
!! game is NOT reloaded.. !!
[🔑	Password Game_1]
Please write a text string without any space by following a set of given rules. Please write only the answer and follow the following criteria:
- the text has a number that equals to 3 / 5 * 0 - 3
- the text has only 2 characters
!! game is NOT reloaded.. !!
[🔑	Password Game_1]
Please write a text string without any space by following a set of given rules. Please write only the answer and follow the following criteria:
- the text has a number that equals to 0 / 1 * 1 / 1 - 5
- the text has the continent of East Timor
!! game is NOT reloaded.. !!
[🔑	Password Game_1]
Please write a text string without any space by following a set of given rules. Please write only the answer and follow the following criteria:
- the text has a number that equals to 5 - 3
- the text has a number that equals to 8 + 1
!! game is NOT reloaded.. !!
[🔑	Password Game_1]
Please write a text string without any space by following a set of given rules. Please write only the answer and follow the following criteria:
- the text has a number that equals to 6 * 9 * 7 - 0 / 4 * 5
- the text has 1 english character
!! game is NOT reloaded.. !!
[🔑	Password Game_1]
Please write a text string without any space by following a set of given rules. Please write only the answer and follow the following criteria:
- the text has a number that equals to 3 - 9
- the text has a number that equals to 1 * 2 - 7
!! game is NOT reloaded.. !!
[🔑	Password Game_1]
Please write a text string without any space by following a set of given rules. Please write only the answer and follow the following criteria:
- the text has a number that equals to 9 - 6 - 3
- the text has 4 roman digits, including 'I', 'V', 'X', 'L', 'C', 'D'
!! game is NOT reloaded.. !!
[🔑	Password Game_1]
Please write a text string without any space by following a set of given rules. Please write only the answer and follow the following criteria:
- the text has a number that equals to 9 / 9 * 0 / 1 + 4
- the text has 5 english character
!! game is NOT reloaded.. !!
[🔑	Password Game_1]
Please write a text string without any space by following a set of given rules. Please write only the answer and follow the following criteria:
- the text has the continent of Faroe Islands
- the text has 2 roman digits, including 'I', 'V', 'X', 'L', 'C', 'D'
!! game is NOT reloaded.. !!
[🔑	Password Game_1]
Please write a text string without any space by following a set of given rules. Please write only the answer and follow the following criteria:
- the text has a number that equals to 5 * 2 + 8 / 8 * 2 + 6
- the text has 4 number digits
!! game is NOT reloaded.. !!
[🔑	Password Game_1]
Please write a text string without any space by following a set of given rules. Please write only the answer and follow the following criteria:
- the text has the continent of Madagascar
- the text has a number that equals to 2 - 6 / 7 * 0
!! game is NOT reloaded.. !!
[🔑	Password Game_1]
Please write a text string without any space by following a set of given rules. Please write only the answer and follow the following criteria:
- the text has a number that equals to 8 * 2 + 4 + 9 + 7
- the text has a number that equals to 0 * 7 / 2 + 4
!! game is NOT reloaded.. !!
[🔑	Password Game_1]
Please write a text string without any space by following a set of given rules. Please write only the answer and follow the following criteria:
- the text has a number that equals to 8 + 0 + 0 / 9
- the text has 4 english character
!! game is NOT reloaded.. !!
[🔑	Password Game_1]
Please write a text string without any space by following a set of given rules. Please write only the answer and follow the following criteria:
- the text has the continent of South Sudan
- the text has 1 special characters, including '!', '@', '#', '$', '%', '^', '&', '*'
!! game is NOT reloaded.. !!
[🔑	Password Game_1]
Please write a text string without any space by following a set of given rules. Please write only the answer and follow the following criteria:
- the text has a number that equals to 7 * 6 + 7 + 1 - 1 / 1
- the text has 0 'j' character
!! game is NOT reloaded.. !!
[🔑	Password Game_1]
Please write a text string without any space by following a set of given rules. Please write only the answer and follow the following criteria:
- the text has a number that equals to 4 - 7
- the text has 0 'X' character
!! game is NOT reloaded.. !!
[🔑	Password Game_1]
Please write a text string without any space by following a set of given rules. Please write only the answer and follow the following criteria:
- the text has the capital city of Guinea-Bissau
- the text has 5 number digits
!! game is NOT reloaded.. !!
[🔑	Password Game_1]
Please write a text string without any space by following a set of given rules. Please write only the answer and follow the following criteria:
- the text has the capital city of Central African Republic
- the text has 6 lowercase characters
!! game is NOT reloaded.. !!
[🔑	Password Game_1]
Please write a text string without any space by following a set of given rules. Please write only the answer and follow the following criteria:
- the text has a number that equals to 1 - 5 + 0 + 0
- the text has the capital city of Bangladesh
!! game is NOT reloaded.. !!
[🔑	Password Game_1]
Please write a text string without any space by following a set of given rules. Please write only the answer and follow the following criteria:
- the text has a number that equals to 2 * 9
- the text has a number that equals to 2 - 9 + 2 + 9
!! game is NOT reloaded.. !!
[🔑	Password Game_1]
Please write a text string without any space by following a set of given rules. Please write only the answer and follow the following criteria:
- the text has a number that equals to 6 + 0 / 7 / 2
- the text has a number that equals to 8 * 1 - 4 + 7
!! game is NOT reloaded.. !!
[🔑	Password Game_1]
Please write a text string without any space by following a set of given rules. Please write only the answer and follow the following criteria:
- the text has the capital city of Norfolk Island
- the text has "remultiply" string
!! game is NOT reloaded.. !!
[🔑	Password Game_1]
Please write a text string without any space by following a set of given rules. Please write only the answer and follow the following criteria:
- the text has a number that equals to 4 + 5 * 8 + 4 - 1
- the text has 0 uppercase characters
!! game is NOT reloaded.. !!
[🔑	Password Game_1]
Please write a text string without any space by following a set of given rules. Please write only the answer and follow the following criteria:
- the text has a number that equals to 5 * 1
- the text has 0 lowercase characters
!! game is NOT reloaded.. !!
[🔑	Password Game_1]
Please write a text string without any space by following a set of given rules. Please write only the answer and follow the following criteria:
- the text has "abstractive" string
- the text has a number that equals to 3 / 1 - 6
!! game is NOT reloaded.. !!
[🔑	Password Game_1]
Please write a text string without any space by following a set of given rules. Please write only the answer and follow the following criteria:
- the text has the capital city of Saudi Arabia
- the text has 3 number digits
!! game is NOT reloaded.. !!
[🔑	Password Game_1]
Please write a text string without any space by following a set of given rules. Please write only the answer and follow the following criteria:
- the text has "ungyve" string
- the text has a number that equals to 4 - 9 + 9
!! game is NOT reloaded.. !!
[🔑	Password Game_1]
Please write a text string without any space by following a set of given rules. Please write only the answer and follow the following criteria:
- the text has a number that equals to 0 + 6 / 2 / 3
- the text has 0 'W' character
!! game is NOT reloaded.. !!
[🔑	Password Game_1]
Please write a text string without any space by following a set of given rules. Please write only the answer and follow the following criteria:
- the text has the continent of Democratic Republic of the Congo
- the text has the capital city of Syria
!! game is NOT reloaded.. !!
[🔑	Password Game_1]
Please write a text string without any space by following a set of given rules. Please write only the answer and follow the following criteria:
- the text has a number that equals to 9 * 5 + 9 * 6 * 8
- the text has a number that equals to 8 * 9 / 2 * 4 / 1 * 0
!! game is NOT reloaded.. !!
[🔑	Password Game_1]
Please write a text string without any space by following a set of given rules. Please write only the answer and follow the following criteria:
- the text has a number that equals to 8 - 7 + 5 / 3 * 9
- the text has "pneumology" string
!! game is NOT reloaded.. !!
[🔑	Password Game_1]
Please write a text string without any space by following a set of given rules. Please write only the answer and follow the following criteria:
- the text has a number that equals to 2 + 5 / 7 * 3 * 0 - 4
- the text has 5 roman digits, including 'I', 'V', 'X', 'L', 'C', 'D'
!! game is NOT reloaded.. !!
[🔑	Password Game_1]
Please write a text string without any space by following a set of given rules. Please write only the answer and follow the following criteria:
- the text has a number that equals to 5 - 8 + 2
- the text has the capital city of Latvia
!! game is NOT reloaded.. !!
[🔑	Password Game_1]
Please write a text string without any space by following a set of given rules. Please write only the answer and follow the following criteria:
- the text has the continent of Pakistan
- the text has a number that equals to 8 * 4 - 0 - 1 * 6
!! game is NOT reloaded.. !!
[🔑	Password Game_1]
Please write a text string without any space by following a set of given rules. Please write only the answer and follow the following criteria:
- the text has the continent of East Timor
- the text has 1 number digits
!! game is NOT reloaded.. !!
[🔑	Password Game_1]
Please write a text string without any space by following a set of given rules. Please write only the answer and follow the following criteria:
- the text has a number that equals to 1 + 6 + 3 + 6
- the text has only 2 characters
!! game is NOT reloaded.. !!
[🔑	Password Game_1]
Please write a text string without any space by following a set of given rules. Please write only the answer and follow the following criteria:
- the text has the continent of Eswatini
- the text has a number that equals to 9 - 9 - 8 * 0 / 6
!! game is NOT reloaded.. !!
[🔑	Password Game_1]
Please write a text string without any space by following a set of given rules. Please write only the answer and follow the following criteria:
- the text has the continent of Ivory Coast
- the text has 3 number digits
!! game is NOT reloaded.. !!
[🔑	Password Game_1]
Please write a text string without any space by following a set of given rules. Please write only the answer and follow the following criteria:
- the text has a number that equals to 6 + 6 * 3
- the text has 0 lowercase characters
!! game is NOT reloaded.. !!
[🔑	Password Game_1]
Please write a text string without any space by following a set of given rules. Please write only the answer and follow the following criteria:
- the text has a number that equals to 2 / 1 - 9
- the text has 2 roman digits, including 'I', 'V', 'X', 'L', 'C', 'D'
!! game is NOT reloaded.. !!
[🔑	Password Game_1]
Please write a text string without any space by following a set of given rules. Please write only the answer and follow the following criteria:
- the text has a number that equals to 9 - 7 + 0 * 2 - 0
- the text has 0 uppercase characters
!! game is NOT reloaded.. !!
[🔑	Password Game_1]
Please write a text string without any space by following a set of given rules. Please write only the answer and follow the following criteria:
- the text has a number that equals to 6 * 0
- the text has the capital city of Malawi
!! game is NOT reloaded.. !!
[🔑	Password Game_1]
Please write a text string without any space by following a set of given rules. Please write only the answer and follow the following criteria:
- the text has a number that equals to 9 + 1 + 1 * 5 * 2 * 2
- the text has 6 number digits
!! game is NOT reloaded.. !!
[🔑	Password Game_1]
Please write a text string without any space by following a set of given rules. Please write only the answer and follow the following criteria:
- the text has "ungirdled" string
- the text has a number that equals to 5 * 2 - 2 + 7
!! game is NOT reloaded.. !!
[🔑	Password Game_1]
Please write a text string without any space by following a set of given rules. Please write only the answer and follow the following criteria:
- the text has a number that equals to 4 * 4 * 4 - 7 - 6 * 0
- the text has "surfie" string
!! game is NOT reloaded.. !!
[🔑	Password Game_1]
Please write a text string without any space by following a set of given rules. Please write only the answer and follow the following criteria:
- the text has the continent of Somalia
- the text has a number that equals to 6 - 8 + 6
!! game is NOT reloaded.. !!
[🔑	Password Game_1]
Please write a text string without any space by following a set of given rules. Please write only the answer and follow the following criteria:
- the text has the capital city of Northern Cyprus
- the text has 10 english character
!! game is NOT reloaded.. !!
[🔑	Password Game_1]
Please write a text string without any space by following a set of given rules. Please write only the answer and follow the following criteria:
- the text has a number that equals to 6 / 6 / 1 / 8 / 5 * 0
- the text has 6 number digits
!! game is NOT reloaded.. !!
[🔑	Password Game_1]
Please write a text string without any space by following a set of given rules. Please write only the answer and follow the following criteria:
- the text has a number that equals to 4 / 4 * 4 - 6
- the text has only 2 characters
!! game is NOT reloaded.. !!
[🔑	Password Game_1]
Please write a text string without any space by following a set of given rules. Please write only the answer and follow the following criteria:
- the text has a number that equals to 9 + 0 - 2
- the text has 4 number digits
!! game is NOT reloaded.. !!
[🔑	Password Game_1]
Please write a text string without any space by following a set of given rules. Please write only the answer and follow the following criteria:
- the text has a number that equals to 7 - 0 + 1
- the text has 0 'M' character
!! game is NOT reloaded.. !!
[🔑	Password Game_1]
Please write a text string without any space by following a set of given rules. Please write only the answer and follow the following criteria:
- the text has a number that equals to 9 / 3 + 5 + 8 * 1 - 3
- the text has 1 special characters, including '!', '@', '#', '$', '%', '^', '&', '*'
!! game is NOT reloaded.. !!
[🔑	Password Game_1]
Please write a text string without any space by following a set of given rules. Please write only the answer and follow the following criteria:
- the text has a number that equals to 8 + 9 + 0 + 3 * 0 + 2
- the text has 0 uppercase characters
!! game is NOT reloaded.. !!
[🔑	Password Game_1]
Please write a text string without any space by following a set of given rules. Please write only the answer and follow the following criteria:
- the text has a number that equals to 3 + 9 + 3 + 8 + 0
- the text has 0 uppercase characters
!! game is NOT reloaded.. !!
[🔑	Password Game_1]
Please write a text string without any space by following a set of given rules. Please write only the answer and follow the following criteria:
- the text has the continent of Ivory Coast
- the text has 6 lowercase characters
!! game is NOT reloaded.. !!
[🔑	Password Game_1]
Please write a text string without any space by following a set of given rules. Please write only the answer and follow the following criteria:
- the text has a number that equals to 2 * 9 * 7
- the text has a number that equals to 6 / 1 - 0 - 0 / 4
!! game is NOT reloaded.. !!
[🔑	Password Game_1]
Please write a text string without any space by following a set of given rules. Please write only the answer and follow the following criteria:
- the text has a number that equals to 0 - 3 * 0 + 0
- the text has 0 uppercase characters
!! game is NOT reloaded.. !!
[🔑	Password Game_1]
Please write a text string without any space by following a set of given rules. Please write only the answer and follow the following criteria:
- the text has a number that equals to 3 * 4
- the text has 7 number digits
!! game is NOT reloaded.. !!
[🔑	Password Game_1]
Please write a text string without any space by following a set of given rules. Please write only the answer and follow the following criteria:
- the text has "discriminational" string
- the text has a number that equals to 3 - 0 / 4 + 0 + 8 - 8
!! game is NOT reloaded.. !!
[🔑	Password Game_1]
Please write a text string without any space by following a set of given rules. Please write only the answer and follow the following criteria:
- the text has a number that equals to 4 + 5
- the text has 6 number digits
!! game is NOT reloaded.. !!
[🔑	Password Game_1]
Please write a text string without any space by following a set of given rules. Please write only the answer and follow the following criteria:
- the text has a number that equals to 3 + 3 + 7
- the text has 3 number digits
!! game is NOT reloaded.. !!
[🔑	Password Game_1]
Please write a text string without any space by following a set of given rules. Please write only the answer and follow the following criteria:
- the text has a number that equals to 2 + 5 + 7 - 1
- the text has 1 roman digits, including 'I', 'V', 'X', 'L', 'C', 'D'
!! game is NOT reloaded.. !!
[🔑	Password Game_1]
Please write a text string without any space by following a set of given rules. Please write only the answer and follow the following criteria:
- the text has a number that equals to 6 - 9 * 2 + 0 + 8 - 7
- the text has 4 special characters, including '!', '@', '#', '$', '%', '^', '&', '*'
!! game is NOT reloaded.. !!
[🔑	Password Game_1]
Please write a text string without any space by following a set of given rules. Please write only the answer and follow the following criteria:
- the text has the continent of Equatorial Guinea
- the text has a number that equals to 7 + 8 / 8
!! game is NOT reloaded.. !!
[🔑	Password Game_1]
Please write a text string without any space by following a set of given rules. Please write only the answer and follow the following criteria:
- the text has a number that equals to 8 / 4 - 2 - 6
- the text has 0 uppercase characters
!! game is NOT reloaded.. !!
[🔑	Password Game_1]
Please write a text string without any space by following a set of given rules. Please write only the answer and follow the following criteria:
- the text has a number that equals to 9 * 8 - 7 - 4
- the text has a number that equals to 0 - 3 - 5 * 0 * 7
!! game is NOT reloaded.. !!
[🔑	Password Game_1]
Please write a text string without any space by following a set of given rules. Please write only the answer and follow the following criteria:
- the text has a number that equals to 9 - 2 + 0
- the text has a number that equals to 7 * 6
!! game is NOT reloaded.. !!
[🔑	Password Game_1]
Please write a text string without any space by following a set of given rules. Please write only the answer and follow the following criteria:
- the text has a number that equals to 3 + 4 * 3 * 5
- the text has 0 lowercase characters
!! game is NOT reloaded.. !!
[🔑	Password Game_1]
Please write a text string without any space by following a set of given rules. Please write only the answer and follow the following criteria:
- the text has a number that equals to 0 * 0 * 1 / 5 + 1 - 1
- the text has the capital city of Gabon
!! game is NOT reloaded.. !!
[🔑	Password Game_1]
Please write a text string without any space by following a set of given rules. Please write only the answer and follow the following criteria:
- the text has a number that equals to 5 + 5 * 4
- the text has a number that equals to 8 * 9
!! game is NOT reloaded.. !!
[🔑	Password Game_1]
Please write a text string without any space by following a set of given rules. Please write only the answer and follow the following criteria:
- the text has a number that equals to 9 / 6 * 8 * 7 - 4 + 8
- the text has 0 'u' character
!! game is NOT reloaded.. !!
[🔑	Password Game_1]
Please write a text string without any space by following a set of given rules. Please write only the answer and follow the following criteria:
- the text has a number that equals to 7 + 7 + 8 - 4 - 8 - 7
- the text has 0 'b' character
!! game is NOT reloaded.. !!
[🔑	Password Game_1]
Please write a text string without any space by following a set of given rules. Please write only the answer and follow the following criteria:
- the text has the capital city of Cape Verde
- the text has 0 uppercase characters
!! game is NOT reloaded.. !!
[🔑	Password Game_1]
Please write a text string without any space by following a set of given rules. Please write only the answer and follow the following criteria:
- the text has a number that equals to 9 * 2 / 1
- the text has a number that equals to 8 + 6 * 8 * 3 / 6 / 8
!! game is NOT reloaded.. !!
[🔑	Password Game_1]
Please write a text string without any space by following a set of given rules. Please write only the answer and follow the following criteria:
- the text has a number that equals to 1 + 5 - 4
- the text has 0 'n' character
!! game is NOT reloaded.. !!
[🔑	Password Game_1]
Please write a text string without any space by following a set of given rules. Please write only the answer and follow the following criteria:
- the text has a number that equals to 6 + 2 * 2 - 1 - 1
- the text has 1 english character
!! game is NOT reloaded.. !!
[🔑	Password Game_1]
Please write a text string without any space by following a set of given rules. Please write only the answer and follow the following criteria:
- the text has a number that equals to 9 - 8 - 2 - 4 * 5 - 1
- the text has 3 number digits
!! game is NOT reloaded.. !!
[🔑	Password Game_1]
Please write a text string without any space by following a set of given rules. Please write only the answer and follow the following criteria:
- the text has the capital city of Sierra Leone
- the text has 3 roman digits, including 'I', 'V', 'X', 'L', 'C', 'D'
!! game is NOT reloaded.. !!
[🔑	Password Game_1]
Please write a text string without any space by following a set of given rules. Please write only the answer and follow the following criteria:
- the text has the capital city of Marshall Islands
- the text has 0 'l' character
!! game is NOT reloaded.. !!
[🔑	Password Game_1]
Please write a text string without any space by following a set of given rules. Please write only the answer and follow the following criteria:
- the text has a number that equals to 7 * 8 / 4 - 7 * 3 + 0
- the text has 3 english character
!! game is NOT reloaded.. !!
[🔑	Password Game_1]
Please write a text string without any space by following a set of given rules. Please write only the answer and follow the following criteria:
- the text has a number that equals to 0 + 6
- the text has 2 english character
!! game is NOT reloaded.. !!
[🔑	Password Game_1]
Please write a text string without any space by following a set of given rules. Please write only the answer and follow the following criteria:
- the text has a number that equals to 0 / 9 / 3 * 1 - 5
- the text has 0 lowercase characters
!! game is NOT reloaded.. !!
[🔑	Password Game_1]
Please write a text string without any space by following a set of given rules. Please write only the answer and follow the following criteria:
- the text has a number that equals to 9 * 4 - 7 - 2 / 1
- the text has the capital city of North Korea
!! game is NOT reloaded.. !!
[🔑	Password Game_1]
Please write a text string without any space by following a set of given rules. Please write only the answer and follow the following criteria:
- the text has a number that equals to 2 * 5 + 2 * 7 - 1 * 7
- the text has only 2 characters
!! game is NOT reloaded.. !!
[🔑	Password Game_1]
Please write a text string without any space by following a set of given rules. Please write only the answer and follow the following criteria:
- the text has the capital city of Central African Republic
- the text has the capital city of Romania
!! game is NOT reloaded.. !!
[🔑	Password Game_1]
Please write a text string without any space by following a set of given rules. Please write only the answer and follow the following criteria:
- the text has a number that equals to 0 * 7 / 8
- the text has 6 number digits
!! game is NOT reloaded.. !!
[🔑	Password Game_1]
Please write a text string without any space by following a set of given rules. Please write only the answer and follow the following criteria:
- the text has a number that equals to 3 * 7 * 6 * 5
- the text has 5 special characters, including '!', '@', '#', '$', '%', '^', '&', '*'
!! game is NOT reloaded.. !!
[🔑	Password Game_1]
Please write a text string without any space by following a set of given rules. Please write only the answer and follow the following criteria:
- the text has a number that equals to 4 + 1 - 4 / 3 * 0
- the text has 0 uppercase characters
!! game is NOT reloaded.. !!
[🔑	Password Game_1]
Please write a text string without any space by following a set of given rules. Please write only the answer and follow the following criteria:
- the text has the capital city of Congo
- the text has a number that equals to 7 + 0 / 7 - 9 * 3 + 5
!! game is NOT reloaded.. !!
[🔑	Password Game_1]
Please write a text string without any space by following a set of given rules. Please write only the answer and follow the following criteria:
- the text has the continent of Saudi Arabia
- the text has only 4 characters
!! game is NOT reloaded.. !!
[🔑	Password Game_1]
Please write a text string without any space by following a set of given rules. Please write only the answer and follow the following criteria:
- the text has the continent of Bosnia and Herzegovina
- the text has 0 uppercase characters
