!! game is NOT reloaded.. !!
[🔑	Password Game_1]
Please write a text string without any space by following a set of given rules. Please write only the answer and follow the following criteria:
- the text has a number that equals to 5 + 7 + 7 + 8 - 7 + 4
- the text has a number that equals to 3 - 1 * 1 * 4 + 0
!! game is NOT reloaded.. !!
[🔑	Password Game_1]
Please write a text string without any space by following a set of given rules. Please write only the answer and follow the following criteria:
- the text has the continent of South Sudan
- the text has 3 number digits
!! game is NOT reloaded.. !!
[🔑	Password Game_1]
Please write a text string without any space by following a set of given rules. Please write only the answer and follow the following criteria:
- the text has a number that equals to 1 - 3 * 1 * 5
- the text has 0 uppercase characters
!! game is NOT reloaded.. !!
[🔑	Password Game_1]
Please write a text string without any space by following a set of given rules. Please write only the answer and follow the following criteria:
- the text has a number that equals to 8 + 2 + 1 - 0 * 6 + 8
- the text has 1 english character
!! game is NOT reloaded.. !!
[🔑	Password Game_1]
Please write a text string without any space by following a set of given rules. Please write only the answer and follow the following criteria:
- the text has a number that equals to 5 * 8
- the text has 4 number digits
!! game is NOT reloaded.. !!
[🔑	Password Game_1]
Please write a text string without any space by following a set of given rules. Please write only the answer and follow the following criteria:
- the text has a number that equals to 0 + 2
- the text has 0 lowercase characters
!! game is NOT reloaded.. !!
[🔑	Password Game_1]
Please write a text string without any space by following a set of given rules. Please write only the answer and follow the following criteria:
- the text has a number that equals to 5 + 8 + 4
- the text has 2 roman digits, including 'I', 'V', 'X', 'L', 'C', 'D'
!! game is NOT reloaded.. !!
[🔑	Password Game_1]
Please write a text string without any space by following a set of given rules. Please write only the answer and follow the following criteria:
- the text has a number that equals to 9 / 3
- the text has only 1 characters
!! game is NOT reloaded.. !!
[🔑	Password Game_1]
Please write a text string without any space by following a set of given rules. Please write only the answer and follow the following criteria:
- the text has a number that equals to 8 - 7 * 1
- the text has 0 'h' character
!! game is NOT reloaded.. !!
[🔑	Password Game_1]
Please write a text string without any space by following a set of given rules. Please write only the answer and follow the following criteria:
- the text has a number that equals to 0 / 9 - 5 * 0
- the text has 0 'n' character
!! game is NOT reloaded.. !!
[🔑	Password Game_1]
Please write a text string without any space by following a set of given rules. Please write only the answer and follow the following criteria:
- the text has the continent of Burkina Faso
- the text has only 6 characters
!! game is NOT reloaded.. !!
[🔑	Password Game_1]
Please write a text string without any space by following a set of given rules. Please write only the answer and follow the following criteria:
- the text has the continent of Kyrgyzstan
- the text has a number that equals to 8 - 1 + 1 + 4
!! game is NOT reloaded.. !!
[🔑	Password Game_1]
Please write a text string without any space by following a set of given rules. Please write only the answer and follow the following criteria:
- the text has a number that equals to 4 - 2 * 3
- the text has 0 'I' character
!! game is NOT reloaded.. !!
[🔑	Password Game_1]
Please write a text string without any space by following a set of given rules. Please write only the answer and follow the following criteria:
- the text has a number that equals to 3 + 8 - 9 + 7 + 9
- the text has 2 special characters, including '!', '@', '#', '$', '%', '^', '&', '*'
!! game is NOT reloaded.. !!
[🔑	Password Game_1]
Please write a text string without any space by following a set of given rules. Please write only the answer and follow the following criteria:
- the text has a number that equals to 8 * 2 + 0
- the text has 5 special characters, including '!', '@', '#', '$', '%', '^', '&', '*'
!! game is NOT reloaded.. !!
[🔑	Password Game_1]
Please write a text string without any space by following a set of given rules. Please write only the answer and follow the following criteria:
- the text has a number that equals to 2 * 0 + 3 * 2 - 9
- the text has the continent of Jordan
!! game is NOT reloaded.. !!
[🔑	Password Game_1]
Please write a text string without any space by following a set of given rules. Please write only the answer and follow the following criteria:
- the text has "autopista" string
- the text has a number that equals to 9 + 5 - 5
!! game is NOT reloaded.. !!
[🔑	Password Game_1]
Please write a text string without any space by following a set of given rules. Please write only the answer and follow the following criteria:
- the text has a number that equals to 6 / 1 + 0 * 1
- the text has a number that equals to 8 * 9 / 2 + 9 - 9 + 4
!! game is NOT reloaded.. !!
[🔑	Password Game_1]
Please write a text string without any space by following a set of given rules. Please write only the answer and follow the following criteria:
- the text has the capital city of Niue
- the text has a number that equals to 3 + 4 * 6 - 2 * 4 - 5
!! game is NOT reloaded.. !!
[🔑	Password Game_1]
Please write a text string without any space by following a set of given rules. Please write only the answer and follow the following criteria:
- the text has a number that equals to 1 + 4 - 5 / 9 * 0 / 4
- the text has a number that equals to 8 * 9 * 0 / 7
