!! game is NOT reloaded.. !!
[🔤	Anagram Scribble_3]
Construct a valid 8-character English word from the following letters:
['t', 'l', 'i', 'e', 'j', 'a', 'n', 'y', 'i', 'f'].
Each character can only be used once. Please write None if there is no valid combination.!! game is NOT reloaded.. !!
[🔤	Anagram Scribble_3]
Construct a valid 10-character English word from the following letters:
['t', 's', 'd', 'e', 'i', 't', 'e', 'a', 'r', 'n'].
Each character can only be used once. Please write None if there is no valid combination.!! game is NOT reloaded.. !!
[🔤	Anagram Scribble_3]
Construct a valid 9-character English word from the following letters:
['r', 'a', 'a', 'c', 'a', 'n', 't', 'f', 'm', 'a'].
Each character can only be used once. Please write None if there is no valid combination.!! game is NOT reloaded.. !!
[🔤	Anagram Scribble_3]
Construct a valid 8-character English word from the following letters:
['e', 'e', 'p', 'y', 'a', 's', 'i', 'h', 'p', 'l'].
Each character can only be used once. Please write None if there is no valid combination.!! game is NOT reloaded.. !!
[🔤	Anagram Scribble_3]
Construct a valid 10-character English word from the following letters:
['n', 'g', 'a', 'i', 'e', 'e', 't', 'i', 'l', 's'].
Each character can only be used once. Please write None if there is no valid combination.!! game is NOT reloaded.. !!
[🔤	Anagram Scribble_3]
Construct a valid 9-character English word from the following letters:
['g', 'o', 't', 'a', 'e', 'f', 'h', 'l', 'i', 's'].
Each character can only be used once. Please write None if there is no valid combination.!! game is NOT reloaded.. !!
[🔤	Anagram Scribble_3]
Construct a valid 10-character English word from the following letters:
['e', 't', 'b', 'a', 'a', 'e', 'r', 'h', 'r', 'd'].
Each character can only be used once. Please write None if there is no valid combination.!! game is NOT reloaded.. !!
[🔤	Anagram Scribble_3]
Construct a valid 8-character English word from the following letters:
['t', 's', 'a', 'y', 'o', 'r', 'a', 'r', 'p', 'd'].
Each character can only be used once. Please write None if there is no valid combination.!! game is NOT reloaded.. !!
[🔤	Anagram Scribble_3]
Construct a valid 10-character English word from the following letters:
['n', 'e', 'i', 't', 's', 'a', 'n', 'r', 'e', 'c'].
Each character can only be used once. Please write None if there is no valid combination.!! game is NOT reloaded.. !!
[🔤	Anagram Scribble_3]
Construct a valid 10-character English word from the following letters:
['b', 'b', 'd', 'l', 'e', 'r', 'u', 'n', 'a', 'e'].
Each character can only be used once. Please write None if there is no valid combination.!! game is NOT reloaded.. !!
[🔤	Anagram Scribble_3]
Construct a valid 9-character English word from the following letters:
['o', 'e', 'g', 'p', 's', 'r', 'l', 'm', 'n', 'u'].
Each character can only be used once. Please write None if there is no valid combination.!! game is NOT reloaded.. !!
[🔤	Anagram Scribble_3]
Construct a valid 8-character English word from the following letters:
['u', 'e', 's', 't', 'n', 'j', 'q', 't', 'o', 'i'].
Each character can only be used once. Please write None if there is no valid combination.!! game is NOT reloaded.. !!
[🔤	Anagram Scribble_3]
Construct a valid 8-character English word from the following letters:
['a', 'e', 'e', 'm', 'l', 'w', 'u', 'i', 'n', 'f'].
Each character can only be used once. Please write None if there is no valid combination.!! game is NOT reloaded.. !!
[🔤	Anagram Scribble_3]
Construct a valid 8-character English word from the following letters:
['p', 'g', 'c', 'n', 'i', 's', 'a', 'y', 'e', 'l'].
Each character can only be used once. Please write None if there is no valid combination.!! game is NOT reloaded.. !!
[🔤	Anagram Scribble_3]
Construct a valid 9-character English word from the following letters:
['i', 's', 'n', 'l', 's', 's', 'b', 'y', 'l', 'e'].
Each character can only be used once. Please write None if there is no valid combination.!! game is NOT reloaded.. !!
[🔤	Anagram Scribble_3]
Construct a valid 8-character English word from the following letters:
['e', 'z', 'l', 'e', 'e', 'k', 'h', 'i', 'r', 'w'].
Each character can only be used once. Please write None if there is no valid combination.!! game is NOT reloaded.. !!
[🔤	Anagram Scribble_3]
Construct a valid 9-character English word from the following letters:
['r', 'd', 'y', 'p', 'r', 'b', 'e', 'o', 'c', 'r'].
Each character can only be used once. Please write None if there is no valid combination.!! game is NOT reloaded.. !!
[🔤	Anagram Scribble_3]
Construct a valid 8-character English word from the following letters:
['k', 't', 'd', 'r', 'l', 'a', 'p', 'i', 'e', 'i'].
Each character can only be used once. Please write None if there is no valid combination.!! game is NOT reloaded.. !!
[🔤	Anagram Scribble_3]
Construct a valid 10-character English word from the following letters:
['o', 'a', 'e', 'r', 'b', 'l', 'a', 's', 'l', 'l'].
Each character can only be used once. Please write None if there is no valid combination.!! game is NOT reloaded.. !!
[🔤	Anagram Scribble_3]
Construct a valid 10-character English word from the following letters:
['s', 't', 'q', 'e', 'u', 'i', 's', 'r', 'm', 'i'].
Each character can only be used once. Please write None if there is no valid combination.!! game is NOT reloaded.. !!
[🔤	Anagram Scribble_3]
Construct a valid 10-character English word from the following letters:
['a', 'i', 'k', 'c', 's', 'e', 'u', 'm', 'a', 'e'].
Each character can only be used once. Please write None if there is no valid combination.!! game is NOT reloaded.. !!
[🔤	Anagram Scribble_3]
Construct a valid 8-character English word from the following letters:
['d', 'l', 'r', 'l', 'o', 'n', 'e', 'i', 'c', 'u'].
Each character can only be used once. Please write None if there is no valid combination.!! game is NOT reloaded.. !!
[🔤	Anagram Scribble_3]
Construct a valid 9-character English word from the following letters:
['i', 'v', 'w', 'o', 'r', 'y', 'd', 'o', 'o', 't'].
Each character can only be used once. Please write None if there is no valid combination.!! game is NOT reloaded.. !!
[🔤	Anagram Scribble_3]
Construct a valid 9-character English word from the following letters:
['r', 'o', 'b', 'b', 's', 'o', 'h', 'u', 'm', 'k'].
Each character can only be used once. Please write None if there is no valid combination.!! game is NOT reloaded.. !!
[🔤	Anagram Scribble_3]
Construct a valid 9-character English word from the following letters:
['c', 'q', 'y', 'a', 'd', 'o', 'n', 'h', 't', 'i'].
Each character can only be used once. Please write None if there is no valid combination.!! game is NOT reloaded.. !!
[🔤	Anagram Scribble_3]
Construct a valid 8-character English word from the following letters:
['u', 'n', 'e', 'g', 'd', 'd', 'e', 'i', 'h', 'r'].
Each character can only be used once. Please write None if there is no valid combination.!! game is NOT reloaded.. !!
[🔤	Anagram Scribble_3]
Construct a valid 9-character English word from the following letters:
['e', 'l', 't', 'j', 'o', 'i', 'c', 'c', 'c', 'o'].
Each character can only be used once. Please write None if there is no valid combination.!! game is NOT reloaded.. !!
[🔤	Anagram Scribble_3]
Construct a valid 9-character English word from the following letters:
['c', 'a', 'e', 'h', 's', 's', 'b', 'k', 'e', 'h'].
Each character can only be used once. Please write None if there is no valid combination.!! game is NOT reloaded.. !!
[🔤	Anagram Scribble_3]
Construct a valid 9-character English word from the following letters:
['f', 'v', 'r', 'e', 'i', 'a', 's', 't', 'e', 'r'].
Each character can only be used once. Please write None if there is no valid combination.!! game is NOT reloaded.. !!
[🔤	Anagram Scribble_3]
Construct a valid 8-character English word from the following letters:
['c', 'a', 'n', 'a', 't', 'p', 'p', 's', 'v', 'r'].
Each character can only be used once. Please write None if there is no valid combination.!! game is NOT reloaded.. !!
[🔤	Anagram Scribble_3]
Construct a valid 8-character English word from the following letters:
['p', 's', 'p', 'v', 'i', 'a', 'o', 'n', 'l', 'y'].
Each character can only be used once. Please write None if there is no valid combination.!! game is NOT reloaded.. !!
[🔤	Anagram Scribble_3]
Construct a valid 9-character English word from the following letters:
['y', 'l', 'i', 'e', 't', 's', 't', 'd', 'a', 'n'].
Each character can only be used once. Please write None if there is no valid combination.!! game is NOT reloaded.. !!
[🔤	Anagram Scribble_3]
Construct a valid 10-character English word from the following letters:
['t', 'g', 'n', 'e', 'k', 'i', 'b', 'l', 'n', 'a'].
Each character can only be used once. Please write None if there is no valid combination.!! game is NOT reloaded.. !!
[🔤	Anagram Scribble_3]
Construct a valid 9-character English word from the following letters:
['i', 'i', 'h', 'e', 'n', 'e', 'e', 'd', 'l', 'c'].
Each character can only be used once. Please write None if there is no valid combination.!! game is NOT reloaded.. !!
[🔤	Anagram Scribble_3]
Construct a valid 9-character English word from the following letters:
['e', 'c', 'e', 'd', 'g', 't', 'l', 'b', 'n', 'e'].
Each character can only be used once. Please write None if there is no valid combination.!! game is NOT reloaded.. !!
[🔤	Anagram Scribble_3]
Construct a valid 8-character English word from the following letters:
['c', 'a', 'l', 'e', 'f', 'u', 'c', 't', 'i', 'g'].
Each character can only be used once. Please write None if there is no valid combination.!! game is NOT reloaded.. !!
[🔤	Anagram Scribble_3]
Construct a valid 9-character English word from the following letters:
['s', 'k', 'i', 'a', 'g', 'c', 'p', 'n', 'b', 'w'].
Each character can only be used once. Please write None if there is no valid combination.!! game is NOT reloaded.. !!
[🔤	Anagram Scribble_3]
Construct a valid 10-character English word from the following letters:
['u', 'd', 's', 'f', 'h', 'i', 'e', 's', 's', 't'].
Each character can only be used once. Please write None if there is no valid combination.!! game is NOT reloaded.. !!
[🔤	Anagram Scribble_3]
Construct a valid 10-character English word from the following letters:
['l', 'i', 'a', 'p', 'p', 'h', 'c', 'a', 'a', 'a'].
Each character can only be used once. Please write None if there is no valid combination.!! game is NOT reloaded.. !!
[🔤	Anagram Scribble_3]
Construct a valid 9-character English word from the following letters:
['e', 'l', 'a', 'l', 'b', 'j', 'e', 'y', 'l', 'f'].
Each character can only be used once. Please write None if there is no valid combination.!! game is NOT reloaded.. !!
[🔤	Anagram Scribble_3]
Construct a valid 9-character English word from the following letters:
['i', 'e', 'g', 'n', 'r', 'd', 'g', 'a', 'g', 'j'].
Each character can only be used once. Please write None if there is no valid combination.!! game is NOT reloaded.. !!
[🔤	Anagram Scribble_3]
Construct a valid 8-character English word from the following letters:
['n', 'c', 's', 'h', 'a', 'e', 'r', 's', 'u', 's'].
Each character can only be used once. Please write None if there is no valid combination.!! game is NOT reloaded.. !!
[🔤	Anagram Scribble_3]
Construct a valid 8-character English word from the following letters:
['n', 'u', 'g', 'g', 'n', 'k', 'i', 'i', 'm', 'l'].
Each character can only be used once. Please write None if there is no valid combination.!! game is NOT reloaded.. !!
[🔤	Anagram Scribble_3]
Construct a valid 10-character English word from the following letters:
['r', 'c', 'u', 'e', 'd', 'h', 'p', 'n', 'o', 'r'].
Each character can only be used once. Please write None if there is no valid combination.!! game is NOT reloaded.. !!
[🔤	Anagram Scribble_3]
Construct a valid 9-character English word from the following letters:
['n', 'w', 'l', 'o', 'y', 'm', 'e', 'd', 'o', 'c'].
Each character can only be used once. Please write None if there is no valid combination.!! game is NOT reloaded.. !!
[🔤	Anagram Scribble_3]
Construct a valid 8-character English word from the following letters:
['i', 'i', 'b', 'o', 't', 'f', 'r', 't', 'i', 'c'].
Each character can only be used once. Please write None if there is no valid combination.!! game is NOT reloaded.. !!
[🔤	Anagram Scribble_3]
Construct a valid 9-character English word from the following letters:
['r', 'a', 'a', 'y', 'e', 'm', 'x', 'd', 'k', 'e'].
Each character can only be used once. Please write None if there is no valid combination.!! game is NOT reloaded.. !!
[🔤	Anagram Scribble_3]
Construct a valid 8-character English word from the following letters:
['t', 'h', 'p', 'i', 'k', 'c', 's', 'e', 't', 'o'].
Each character can only be used once. Please write None if there is no valid combination.!! game is NOT reloaded.. !!
[🔤	Anagram Scribble_3]
Construct a valid 9-character English word from the following letters:
['s', 'd', 'a', 't', 'o', 'n', 'e', 'u', 'e', 't'].
Each character can only be used once. Please write None if there is no valid combination.!! game is NOT reloaded.. !!
[🔤	Anagram Scribble_3]
Construct a valid 8-character English word from the following letters:
['m', 'c', 'b', 'o', 'h', 's', 'v', 'y', 't', 'a'].
Each character can only be used once. Please write None if there is no valid combination.!! game is NOT reloaded.. !!
[🔤	Anagram Scribble_3]
Construct a valid 8-character English word from the following letters:
['e', 'u', 'c', 'a', 'i', 'k', 'l', 'e', 't', 'n'].
Each character can only be used once. Please write None if there is no valid combination.!! game is NOT reloaded.. !!
[🔤	Anagram Scribble_3]
Construct a valid 10-character English word from the following letters:
['p', 'e', 'd', 't', 'a', 'e', 'r', 'c', 'e', 's'].
Each character can only be used once. Please write None if there is no valid combination.!! game is NOT reloaded.. !!
[🔤	Anagram Scribble_3]
Construct a valid 10-character English word from the following letters:
['c', 's', 'l', 't', 'e', 's', 'p', 's', 'r', 'u'].
Each character can only be used once. Please write None if there is no valid combination.!! game is NOT reloaded.. !!
[🔤	Anagram Scribble_3]
Construct a valid 9-character English word from the following letters:
['n', 'i', 'i', 'l', 'c', 'c', 'g', 'h', 'k', 'b'].
Each character can only be used once. Please write None if there is no valid combination.!! game is NOT reloaded.. !!
[🔤	Anagram Scribble_3]
Construct a valid 8-character English word from the following letters:
['a', 'a', 'q', 'm', 'a', 'm', 'k', 'i', 'c', 'x'].
Each character can only be used once. Please write None if there is no valid combination.!! game is NOT reloaded.. !!
[🔤	Anagram Scribble_3]
Construct a valid 9-character English word from the following letters:
['e', 'i', 'u', 't', 'p', 'i', 's', 'n', 'g', 'n'].
Each character can only be used once. Please write None if there is no valid combination.!! game is NOT reloaded.. !!
[🔤	Anagram Scribble_3]
Construct a valid 8-character English word from the following letters:
['r', 'e', 'i', 'l', 'n', 'x', 'u', 'p', 'd', 'e'].
Each character can only be used once. Please write None if there is no valid combination.!! game is NOT reloaded.. !!
[🔤	Anagram Scribble_3]
Construct a valid 10-character English word from the following letters:
['n', 's', 'u', 's', 'i', 'h', 'g', 'l', 'a', 'e'].
Each character can only be used once. Please write None if there is no valid combination.!! game is NOT reloaded.. !!
[🔤	Anagram Scribble_3]
Construct a valid 10-character English word from the following letters:
['s', 'e', 'u', 'e', 'e', 's', 'r', 't', 'q', 'r'].
Each character can only be used once. Please write None if there is no valid combination.!! game is NOT reloaded.. !!
[🔤	Anagram Scribble_3]
Construct a valid 9-character English word from the following letters:
['s', 'u', 'c', 'n', 'r', 'n', 'i', 'v', 'u', 'g'].
Each character can only be used once. Please write None if there is no valid combination.!! game is NOT reloaded.. !!
[🔤	Anagram Scribble_3]
Construct a valid 8-character English word from the following letters:
['s', 'o', 'i', 'p', 'd', 'a', 'o', 'm', 'z', 't'].
Each character can only be used once. Please write None if there is no valid combination.!! game is NOT reloaded.. !!
[🔤	Anagram Scribble_3]
Construct a valid 8-character English word from the following letters:
['l', 'c', 'u', 'u', 's', 'v', 'o', 's', 'n', 'i'].
Each character can only be used once. Please write None if there is no valid combination.!! game is NOT reloaded.. !!
[🔤	Anagram Scribble_3]
Construct a valid 10-character English word from the following letters:
['d', 'u', 'l', 'e', 'c', 'h', 'l', 'u', 'a', 'b'].
Each character can only be used once. Please write None if there is no valid combination.!! game is NOT reloaded.. !!
[🔤	Anagram Scribble_3]
Construct a valid 10-character English word from the following letters:
['i', 'i', 'g', 'n', 'n', 'l', 'r', 'n', 'y', 'g'].
Each character can only be used once. Please write None if there is no valid combination.!! game is NOT reloaded.. !!
[🔤	Anagram Scribble_3]
Construct a valid 8-character English word from the following letters:
['e', 'b', 's', 'e', 'd', 'y', 'r', 'l', 'p', 'a'].
Each character can only be used once. Please write None if there is no valid combination.!! game is NOT reloaded.. !!
[🔤	Anagram Scribble_3]
Construct a valid 10-character English word from the following letters:
['e', 'u', 'o', 'u', 'c', 'e', 'b', 'h', 'm', 'r'].
Each character can only be used once. Please write None if there is no valid combination.!! game is NOT reloaded.. !!
[🔤	Anagram Scribble_3]
Construct a valid 8-character English word from the following letters:
['s', 'v', 's', 'z', 't', 't', 'g', 'j', 'e', 'o'].
Each character can only be used once. Please write None if there is no valid combination.!! game is NOT reloaded.. !!
[🔤	Anagram Scribble_3]
Construct a valid 8-character English word from the following letters:
['a', 'q', 'w', 'e', 'g', 'b', 'p', 'l', 'n', 'a'].
Each character can only be used once. Please write None if there is no valid combination.!! game is NOT reloaded.. !!
[🔤	Anagram Scribble_3]
Construct a valid 9-character English word from the following letters:
['p', 'e', 'o', 't', 'o', 's', 'n', 'e', 'c', 'r'].
Each character can only be used once. Please write None if there is no valid combination.!! game is NOT reloaded.. !!
[🔤	Anagram Scribble_3]
Construct a valid 9-character English word from the following letters:
['f', 'i', 'z', 'o', 's', 'w', 't', 'r', 'l', 'e'].
Each character can only be used once. Please write None if there is no valid combination.!! game is NOT reloaded.. !!
[🔤	Anagram Scribble_3]
Construct a valid 8-character English word from the following letters:
['e', 'i', 'm', 'm', 'i', 'c', 'l', 'g', 'a', 's'].
Each character can only be used once. Please write None if there is no valid combination.!! game is NOT reloaded.. !!
[🔤	Anagram Scribble_3]
Construct a valid 8-character English word from the following letters:
['q', 'e', 'l', 's', 'e', 'c', 'l', 'a', 'r', 'r'].
Each character can only be used once. Please write None if there is no valid combination.!! game is NOT reloaded.. !!
[🔤	Anagram Scribble_3]
Construct a valid 9-character English word from the following letters:
['s', 'c', 'a', 'e', 'e', 'r', 'e', 'i', 'p', 't'].
Each character can only be used once. Please write None if there is no valid combination.!! game is NOT reloaded.. !!
[🔤	Anagram Scribble_3]
Construct a valid 8-character English word from the following letters:
['o', 'p', 'b', 'r', 't', 'a', 'l', 'c', 'i', 'c'].
Each character can only be used once. Please write None if there is no valid combination.!! game is NOT reloaded.. !!
[🔤	Anagram Scribble_3]
Construct a valid 9-character English word from the following letters:
['r', 'e', 's', 'o', 'n', 'h', 'm', 'o', 't', 'c'].
Each character can only be used once. Please write None if there is no valid combination.!! game is NOT reloaded.. !!
[🔤	Anagram Scribble_3]
Construct a valid 10-character English word from the following letters:
['b', 's', 'b', 'i', 'o', 'e', 'r', 'e', 'n', 's'].
Each character can only be used once. Please write None if there is no valid combination.!! game is NOT reloaded.. !!
[🔤	Anagram Scribble_3]
Construct a valid 9-character English word from the following letters:
['z', 'r', 'a', 'y', 'l', 'a', 'e', 'e', 'n', 'k'].
Each character can only be used once. Please write None if there is no valid combination.!! game is NOT reloaded.. !!
[🔤	Anagram Scribble_3]
Construct a valid 10-character English word from the following letters:
['n', 'o', 'i', 'n', 'g', 'n', 'd', 'c', 'e', 's'].
Each character can only be used once. Please write None if there is no valid combination.!! game is NOT reloaded.. !!
[🔤	Anagram Scribble_3]
Construct a valid 8-character English word from the following letters:
['r', 'i', 'n', 'o', 'k', 'e', 'g', 'c', 'n', 'a'].
Each character can only be used once. Please write None if there is no valid combination.!! game is NOT reloaded.. !!
[🔤	Anagram Scribble_3]
Construct a valid 8-character English word from the following letters:
['m', 'r', 'o', 'd', 'o', 'h', 'c', 'u', 's', 'k'].
Each character can only be used once. Please write None if there is no valid combination.!! game is NOT reloaded.. !!
[🔤	Anagram Scribble_3]
Construct a valid 9-character English word from the following letters:
['h', 'a', 'z', 't', 'h', 'e', 'k', 'd', 'c', 'i'].
Each character can only be used once. Please write None if there is no valid combination.!! game is NOT reloaded.. !!
[🔤	Anagram Scribble_3]
Construct a valid 10-character English word from the following letters:
['t', 'i', 'e', 'v', 'i', 'd', 'e', 'd', 'c', 'a'].
Each character can only be used once. Please write None if there is no valid combination.!! game is NOT reloaded.. !!
[🔤	Anagram Scribble_3]
Construct a valid 9-character English word from the following letters:
['s', 'i', 'o', 'f', 'o', 'b', 'l', 'r', 'v', 'u'].
Each character can only be used once. Please write None if there is no valid combination.!! game is NOT reloaded.. !!
[🔤	Anagram Scribble_3]
Construct a valid 9-character English word from the following letters:
['p', 'k', 'v', 'a', 'i', 'd', 'i', 's', 'e', 's'].
Each character can only be used once. Please write None if there is no valid combination.!! game is NOT reloaded.. !!
[🔤	Anagram Scribble_3]
Construct a valid 10-character English word from the following letters:
['v', 'w', 'i', 'e', 'i', 'e', 'g', 'r', 'n', 'p'].
Each character can only be used once. Please write None if there is no valid combination.!! game is NOT reloaded.. !!
[🔤	Anagram Scribble_3]
Construct a valid 10-character English word from the following letters:
['d', 'e', 's', 'n', 'o', 'c', 'e', 'm', 'd', 'i'].
Each character can only be used once. Please write None if there is no valid combination.!! game is NOT reloaded.. !!
[🔤	Anagram Scribble_3]
Construct a valid 9-character English word from the following letters:
['y', 's', 'e', 'h', 't', 'i', 'u', 'd', 'c', 'o'].
Each character can only be used once. Please write None if there is no valid combination.!! game is NOT reloaded.. !!
[🔤	Anagram Scribble_3]
Construct a valid 9-character English word from the following letters:
['n', 't', 'o', 'q', 'e', 't', 'i', 'd', 'a', 'u'].
Each character can only be used once. Please write None if there is no valid combination.!! game is NOT reloaded.. !!
[🔤	Anagram Scribble_3]
Construct a valid 10-character English word from the following letters:
['n', 't', 'a', 'e', 't', 'i', 'h', 'g', 'c', 'r'].
Each character can only be used once. Please write None if there is no valid combination.!! game is NOT reloaded.. !!
[🔤	Anagram Scribble_3]
Construct a valid 9-character English word from the following letters:
['a', 'l', 'o', 'i', 'g', 'n', 'v', 'y', 'l', 'f'].
Each character can only be used once. Please write None if there is no valid combination.!! game is NOT reloaded.. !!
[🔤	Anagram Scribble_3]
Construct a valid 10-character English word from the following letters:
['p', 'a', 'r', 'v', 't', 'd', 'e', 'a', 'e', 'c'].
Each character can only be used once. Please write None if there is no valid combination.!! game is NOT reloaded.. !!
[🔤	Anagram Scribble_3]
Construct a valid 9-character English word from the following letters:
['e', 'i', 'c', 'q', 'e', 'd', 'o', 's', 'n', 's'].
Each character can only be used once. Please write None if there is no valid combination.!! game is NOT reloaded.. !!
[🔤	Anagram Scribble_3]
Construct a valid 9-character English word from the following letters:
['n', 'g', 'b', 'p', 'p', 's', 'o', 's', 'i', 'u'].
Each character can only be used once. Please write None if there is no valid combination.!! game is NOT reloaded.. !!
[🔤	Anagram Scribble_3]
Construct a valid 9-character English word from the following letters:
['m', 'n', 'r', 'i', 'a', 'a', 'c', 'l', 's', 'i'].
Each character can only be used once. Please write None if there is no valid combination.!! game is NOT reloaded.. !!
[🔤	Anagram Scribble_3]
Construct a valid 10-character English word from the following letters:
['e', 'a', 'i', 'c', 't', 't', 'i', 'r', 'a', 'v'].
Each character can only be used once. Please write None if there is no valid combination.!! game is NOT reloaded.. !!
[🔤	Anagram Scribble_3]
Construct a valid 10-character English word from the following letters:
['n', 'i', 'c', 'o', 's', 'a', 'i', 'l', 'a', 'l'].
Each character can only be used once. Please write None if there is no valid combination.!! game is NOT reloaded.. !!
[🔤	Anagram Scribble_3]
Construct a valid 10-character English word from the following letters:
['p', 'd', 'd', 'e', 'o', 'l', 'h', 'n', 'i', 'i'].
Each character can only be used once. Please write None if there is no valid combination.!! game is NOT reloaded.. !!
[🔤	Anagram Scribble_3]
Construct a valid 10-character English word from the following letters:
['s', 'i', 'i', 's', 'n', 't', 'd', 'v', 'e', 'e'].
Each character can only be used once. Please write None if there is no valid combination.!! game is NOT reloaded.. !!
[🔤	Anagram Scribble_3]
Construct a valid 9-character English word from the following letters:
['s', 't', 'i', 'a', 'f', 'b', 'd', 'r', 'e', 'f'].
Each character can only be used once. Please write None if there is no valid combination.!! game is NOT reloaded.. !!
[🔤	Anagram Scribble_3]
Construct a valid 9-character English word from the following letters:
['n', 's', 'i', 'l', 'z', 'i', 'k', 'l', 'e', 'a'].
Each character can only be used once. Please write None if there is no valid combination.