!! game is NOT reloaded.. !!
[🔤	Anagram Scribble_1]
Construct a valid 3-character English word from the following letters:
['r', 'x', 'i', 'c', 'k', 'h', 'q', 'a', 'd', 'u'].
Each character can be used multiple times. Please write None if there is no valid combination.!! game is NOT reloaded.. !!
[🔤	Anagram Scribble_1]
Construct a valid 5-character English word from the following letters:
['m', 'l', 'x', 'g', 'p', 'r', 'd', 's', 'a', 'v'].
Each character can be used multiple times. Please write None if there is no valid combination.!! game is NOT reloaded.. !!
[🔤	Anagram Scribble_1]
Construct a valid 4-character English word from the following letters:
['f', 'w', 'k', 'q', 's', 'o', 'r', 'a', 'p', 'g'].
Each character can be used multiple times. Please write None if there is no valid combination.!! game is NOT reloaded.. !!
[🔤	Anagram Scribble_1]
Construct a valid 4-character English word from the following letters:
['m', 'z', 'o', 's', 'u', 'y', 'k', 'r', 'v', 'n'].
Each character can be used multiple times. Please write None if there is no valid combination.!! game is NOT reloaded.. !!
[🔤	Anagram Scribble_1]
Construct a valid 4-character English word from the following letters:
['m', 'q', 't', 'a', 'i', 'o', 'c', 'l', 'h', 'n'].
Each character can be used multiple times. Please write None if there is no valid combination.!! game is NOT reloaded.. !!
[🔤	Anagram Scribble_1]
Construct a valid 3-character English word from the following letters:
['o', 'a', 'v', 'k', 'g', 'c', 'z', 'y', 'i', 'd'].
Each character can be used multiple times. Please write None if there is no valid combination.!! game is NOT reloaded.. !!
[🔤	Anagram Scribble_1]
Construct a valid 5-character English word from the following letters:
['s', 'j', 'd', 'h', 'l', 'a', 'f', 'n', 't', 'w'].
Each character can be used multiple times. Please write None if there is no valid combination.!! game is NOT reloaded.. !!
[🔤	Anagram Scribble_1]
Construct a valid 4-character English word from the following letters:
['p', 'v', 'd', 'f', 'l', 'u', 's', 'e', 'c', 'x'].
Each character can be used multiple times. Please write None if there is no valid combination.!! game is NOT reloaded.. !!
[🔤	Anagram Scribble_1]
Construct a valid 4-character English word from the following letters:
['n', 'a', 'y', 'i', 'e', 'k', 't', 'a', 'f', 'h'].
Each character can be used multiple times. Please write None if there is no valid combination.!! game is NOT reloaded.. !!
[🔤	Anagram Scribble_1]
Construct a valid 3-character English word from the following letters:
['r', 'p', 'n', 'u', 'w', 'd', 'v', 'f', 's', 'x'].
Each character can be used multiple times. Please write None if there is no valid combination.!! game is NOT reloaded.. !!
[🔤	Anagram Scribble_1]
Construct a valid 3-character English word from the following letters:
['n', 'q', 'j', 'h', 'f', 'p', 'i', 'r', 'b', 'a'].
Each character can be used multiple times. Please write None if there is no valid combination.!! game is NOT reloaded.. !!
[🔤	Anagram Scribble_1]
Construct a valid 4-character English word from the following letters:
['l', 't', 'b', 'x', 'i', 'o', 'w', 'g', 's', 'u'].
Each character can be used multiple times. Please write None if there is no valid combination.!! game is NOT reloaded.. !!
[🔤	Anagram Scribble_1]
Construct a valid 5-character English word from the following letters:
['l', 'x', 'm', 'c', 'i', 's', 'v', 'p', 'h', 'y'].
Each character can be used multiple times. Please write None if there is no valid combination.!! game is NOT reloaded.. !!
[🔤	Anagram Scribble_1]
Construct a valid 3-character English word from the following letters:
['t', 'm', 'i', 'h', 'x', 'u', 'w', 'o', 'g', 'z'].
Each character can be used multiple times. Please write None if there is no valid combination.!! game is NOT reloaded.. !!
[🔤	Anagram Scribble_1]
Construct a valid 4-character English word from the following letters:
['y', 'n', 'e', 'f', 'w', 's', 'o', 'm', 'q', 'u'].
Each character can be used multiple times. Please write None if there is no valid combination.!! game is NOT reloaded.. !!
[🔤	Anagram Scribble_1]
Construct a valid 5-character English word from the following letters:
['j', 'd', 'o', 'v', 'g', 'f', 'm', 'i', 'h', 'w'].
Each character can be used multiple times. Please write None if there is no valid combination.!! game is NOT reloaded.. !!
[🔤	Anagram Scribble_1]
Construct a valid 3-character English word from the following letters:
['r', 's', 'k', 'a', 'm', 'b', 't', 'z', 'j', 'l'].
Each character can be used multiple times. Please write None if there is no valid combination.!! game is NOT reloaded.. !!
[🔤	Anagram Scribble_1]
Construct a valid 5-character English word from the following letters:
['a', 'f', 'r', 'l', 'c', 'l', 'm', 'y', 'd', 'z'].
Each character can be used multiple times. Please write None if there is no valid combination.!! game is NOT reloaded.. !!
[🔤	Anagram Scribble_1]
Construct a valid 5-character English word from the following letters:
['n', 'v', 't', 'o', 'm', 'y', 'l', 'g', 'y', 'f'].
Each character can be used multiple times. Please write None if there is no valid combination.!! game is NOT reloaded.. !!
[🔤	Anagram Scribble_1]
Construct a valid 3-character English word from the following letters:
['a', 'i', 't', 'l', 'f', 'o', 'j', 'e', 'g', 'm'].
Each character can be used multiple times. Please write None if there is no valid combination.!! game is NOT reloaded.. !!
[🔤	Anagram Scribble_1]
Construct a valid 5-character English word from the following letters:
['y', 's', 'r', 'e', 'f', 'd', 'x', 'e', 'v', 'g'].
Each character can be used multiple times. Please write None if there is no valid combination.!! game is NOT reloaded.. !!
[🔤	Anagram Scribble_1]
Construct a valid 3-character English word from the following letters:
['p', 'f', 'l', 'w', 'a', 'e', 'q', 's', 'g', 'r'].
Each character can be used multiple times. Please write None if there is no valid combination.!! game is NOT reloaded.. !!
[🔤	Anagram Scribble_1]
Construct a valid 4-character English word from the following letters:
['i', 'k', 'e', 't', 'q', 'v', 'r', 'p', 'g', 'l'].
Each character can be used multiple times. Please write None if there is no valid combination.!! game is NOT reloaded.. !!
[🔤	Anagram Scribble_1]
Construct a valid 5-character English word from the following letters:
['f', 'c', 'z', 'e', 'p', 'd', 'u', 'e', 's', 'q'].
Each character can be used multiple times. Please write None if there is no valid combination.!! game is NOT reloaded.. !!
[🔤	Anagram Scribble_1]
Construct a valid 5-character English word from the following letters:
['e', 'i', 'e', 'w', 'a', 'l', 's', 'x', 'h', 'f'].
Each character can be used multiple times. Please write None if there is no valid combination.!! game is NOT reloaded.. !!
[🔤	Anagram Scribble_1]
Construct a valid 5-character English word from the following letters:
['r', 't', 'o', 'l', 'o', 's', 'v', 'd', 'k', 'y'].
Each character can be used multiple times. Please write None if there is no valid combination.!! game is NOT reloaded.. !!
[🔤	Anagram Scribble_1]
Construct a valid 3-character English word from the following letters:
['q', 'j', 'h', 'n', 'x', 'v', 'e', 'm', 'l', 'z'].
Each character can be used multiple times. Please write None if there is no valid combination.!! game is NOT reloaded.. !!
[🔤	Anagram Scribble_1]
Construct a valid 3-character English word from the following letters:
['p', 'z', 'o', 'i', 'h', 'x', 't', 'c', 'm', 'l'].
Each character can be used multiple times. Please write None if there is no valid combination.!! game is NOT reloaded.. !!
[🔤	Anagram Scribble_1]
Construct a valid 3-character English word from the following letters:
['j', 'r', 'l', 'b', 'x', 'f', 'o', 'z', 'g', 'i'].
Each character can be used multiple times. Please write None if there is no valid combination.!! game is NOT reloaded.. !!
[🔤	Anagram Scribble_1]
Construct a valid 3-character English word from the following letters:
['u', 'k', 'w', 'a', 's', 'b', 'x', 'm', 'z', 'a'].
Each character can be used multiple times. Please write None if there is no valid combination.!! game is NOT reloaded.. !!
[🔤	Anagram Scribble_1]
Construct a valid 4-character English word from the following letters:
['m', 't', 'h', 'k', 'c', 'a', 'f', 'y', 'd', 'x'].
Each character can be used multiple times. Please write None if there is no valid combination.!! game is NOT reloaded.. !!
[🔤	Anagram Scribble_1]
Construct a valid 3-character English word from the following letters:
['h', 'k', 't', 'i', 'g', 'z', 'x', 'y', 'a', 'e'].
Each character can be used multiple times. Please write None if there is no valid combination.!! game is NOT reloaded.. !!
[🔤	Anagram Scribble_1]
Construct a valid 4-character English word from the following letters:
['x', 'z', 'o', 'r', 'f', 'l', 'e', 's', 'l', 't'].
Each character can be used multiple times. Please write None if there is no valid combination.!! game is NOT reloaded.. !!
[🔤	Anagram Scribble_1]
Construct a valid 5-character English word from the following letters:
['a', 'e', 'd', 'k', 'e', 'v', 'c', 'g', 'b', 'w'].
Each character can be used multiple times. Please write None if there is no valid combination.!! game is NOT reloaded.. !!
[🔤	Anagram Scribble_1]
Construct a valid 5-character English word from the following letters:
['f', 'w', 'e', 'o', 'y', 'z', 'r', 'r', 'b', 'a'].
Each character can be used multiple times. Please write None if there is no valid combination.!! game is NOT reloaded.. !!
[🔤	Anagram Scribble_1]
Construct a valid 4-character English word from the following letters:
['s', 'o', 'e', 'c', 'j', 'b', 'l', 'r', 'v', 'a'].
Each character can be used multiple times. Please write None if there is no valid combination.!! game is NOT reloaded.. !!
[🔤	Anagram Scribble_1]
Construct a valid 3-character English word from the following letters:
['g', 'h', 'b', 'v', 'd', 't', 'p', 'o', 'i', 'z'].
Each character can be used multiple times. Please write None if there is no valid combination.!! game is NOT reloaded.. !!
[🔤	Anagram Scribble_1]
Construct a valid 5-character English word from the following letters:
['p', 'e', 'n', 'd', 't', 'w', 'g', 'i', 'z', 'u'].
Each character can be used multiple times. Please write None if there is no valid combination.!! game is NOT reloaded.. !!
[🔤	Anagram Scribble_1]
Construct a valid 3-character English word from the following letters:
['l', 's', 'f', 'w', 'e', 'j', 'q', 'm', 'y', 'u'].
Each character can be used multiple times. Please write None if there is no valid combination.!! game is NOT reloaded.. !!
[🔤	Anagram Scribble_1]
Construct a valid 5-character English word from the following letters:
['x', 'r', 'd', 'z', 'h', 'e', 'o', 'a', 'n', 'm'].
Each character can be used multiple times. Please write None if there is no valid combination.!! game is NOT reloaded.. !!
[🔤	Anagram Scribble_1]
Construct a valid 3-character English word from the following letters:
['d', 's', 'e', 'g', 't', 'y', 'k', 'r', 'j', 'n'].
Each character can be used multiple times. Please write None if there is no valid combination.!! game is NOT reloaded.. !!
[🔤	Anagram Scribble_1]
Construct a valid 4-character English word from the following letters:
['d', 'a', 'g', 's', 'l', 'a', 'j', 'v', 'i', 'k'].
Each character can be used multiple times. Please write None if there is no valid combination.!! game is NOT reloaded.. !!
[🔤	Anagram Scribble_1]
Construct a valid 4-character English word from the following letters:
['q', 'h', 'l', 'e', 'g', 'k', 'e', 'r', 's', 'z'].
Each character can be used multiple times. Please write None if there is no valid combination.!! game is NOT reloaded.. !!
[🔤	Anagram Scribble_1]
Construct a valid 3-character English word from the following letters:
['v', 'n', 'z', 'r', 'i', 'o', 'd', 'p', 'k', 's'].
Each character can be used multiple times. Please write None if there is no valid combination.!! game is NOT reloaded.. !!
[🔤	Anagram Scribble_1]
Construct a valid 5-character English word from the following letters:
['h', 'u', 'c', 'k', 'a', 'z', 'e', 's', 'r', 'w'].
Each character can be used multiple times. Please write None if there is no valid combination.!! game is NOT reloaded.. !!
[🔤	Anagram Scribble_1]
Construct a valid 4-character English word from the following letters:
['o', 'g', 'k', 'l', 'a', 'i', 'q', 'x', 'p', 'n'].
Each character can be used multiple times. Please write None if there is no valid combination.!! game is NOT reloaded.. !!
[🔤	Anagram Scribble_1]
Construct a valid 4-character English word from the following letters:
['u', 'c', 'a', 'g', 's', 'k', 'r', 'o', 'w', 'q'].
Each character can be used multiple times. Please write None if there is no valid combination.!! game is NOT reloaded.. !!
[🔤	Anagram Scribble_1]
Construct a valid 5-character English word from the following letters:
['a', 'c', 'j', 'l', 'z', 'q', 'x', 's', 'i', 'h'].
Each character can be used multiple times. Please write None if there is no valid combination.!! game is NOT reloaded.. !!
[🔤	Anagram Scribble_1]
Construct a valid 3-character English word from the following letters:
['k', 'i', 'z', 'm', 'q', 'u', 'l', 'o', 'a', 'r'].
Each character can be used multiple times. Please write None if there is no valid combination.!! game is NOT reloaded.. !!
[🔤	Anagram Scribble_1]
Construct a valid 5-character English word from the following letters:
['d', 'w', 'a', 'd', 'r', 'p', 'y', 'v', 'b', 'd'].
Each character can be used multiple times. Please write None if there is no valid combination.!! game is NOT reloaded.. !!
[🔤	Anagram Scribble_1]
Construct a valid 3-character English word from the following letters:
['p', 'v', 'q', 'g', 'z', 'y', 'l', 'w', 's', 's'].
Each character can be used multiple times. Please write None if there is no valid combination.!! game is NOT reloaded.. !!
[🔤	Anagram Scribble_1]
Construct a valid 5-character English word from the following letters:
['c', 'n', 'e', 'r', 'j', 'm', 'p', 's', 'g', 'e'].
Each character can be used multiple times. Please write None if there is no valid combination.!! game is NOT reloaded.. !!
[🔤	Anagram Scribble_1]
Construct a valid 3-character English word from the following letters:
['q', 'm', 'b', 'p', 'd', 'z', 'a', 'w', 'k', 'i'].
Each character can be used multiple times. Please write None if there is no valid combination.!! game is NOT reloaded.. !!
[🔤	Anagram Scribble_1]
Construct a valid 3-character English word from the following letters:
['w', 'o', 'r', 'g', 'f', 'u', 'c', 'l', 't', 'h'].
Each character can be used multiple times. Please write None if there is no valid combination.!! game is NOT reloaded.. !!
[🔤	Anagram Scribble_1]
Construct a valid 3-character English word from the following letters:
['w', 's', 'y', 'r', 'j', 'a', 'p', 'k', 'g', 'd'].
Each character can be used multiple times. Please write None if there is no valid combination.!! game is NOT reloaded.. !!
[🔤	Anagram Scribble_1]
Construct a valid 5-character English word from the following letters:
['w', 'z', 'q', 'r', 'v', 'k', 'p', 'l', 'o', 's'].
Each character can be used multiple times. Please write None if there is no valid combination.!! game is NOT reloaded.. !!
[🔤	Anagram Scribble_1]
Construct a valid 4-character English word from the following letters:
['v', 'n', 'a', 'l', 's', 'z', 'y', 'p', 'o', 'b'].
Each character can be used multiple times. Please write None if there is no valid combination.!! game is NOT reloaded.. !!
[🔤	Anagram Scribble_1]
Construct a valid 3-character English word from the following letters:
['j', 'w', 'd', 'y', 't', 'k', 'u', 's', 't', 'm'].
Each character can be used multiple times. Please write None if there is no valid combination.!! game is NOT reloaded.. !!
[🔤	Anagram Scribble_1]
Construct a valid 3-character English word from the following letters:
['w', 'y', 'b', 'o', 'u', 'k', 'j', 'q', 'l', 'l'].
Each character can be used multiple times. Please write None if there is no valid combination.!! game is NOT reloaded.. !!
[🔤	Anagram Scribble_1]
Construct a valid 5-character English word from the following letters:
['x', 'e', 'b', 'c', 'o', 'p', 'y', 's', 'v', 'u'].
Each character can be used multiple times. Please write None if there is no valid combination.!! game is NOT reloaded.. !!
[🔤	Anagram Scribble_1]
Construct a valid 4-character English word from the following letters:
['x', 'u', 'r', 'i', 'z', 'j', 't', 'n', 's', 'k'].
Each character can be used multiple times. Please write None if there is no valid combination.!! game is NOT reloaded.. !!
[🔤	Anagram Scribble_1]
Construct a valid 3-character English word from the following letters:
['k', 'g', 'a', 'u', 'u', 's', 'b', 'f', 't', 'v'].
Each character can be used multiple times. Please write None if there is no valid combination.!! game is NOT reloaded.. !!
[🔤	Anagram Scribble_1]
Construct a valid 5-character English word from the following letters:
['u', 'n', 's', 'b', 'i', 'z', 'd', 'j', 't', 'e'].
Each character can be used multiple times. Please write None if there is no valid combination.!! game is NOT reloaded.. !!
[🔤	Anagram Scribble_1]
Construct a valid 3-character English word from the following letters:
['o', 'b', 'z', 'e', 'g', 'm', 'x', 'c', 't', 's'].
Each character can be used multiple times. Please write None if there is no valid combination.!! game is NOT reloaded.. !!
[🔤	Anagram Scribble_1]
Construct a valid 3-character English word from the following letters:
['k', 'h', 'c', 'c', 'j', 'y', 'z', 'v', 'm', 's'].
Each character can be used multiple times. Please write None if there is no valid combination.!! game is NOT reloaded.. !!
[🔤	Anagram Scribble_1]
Construct a valid 3-character English word from the following letters:
['u', 'g', 'n', 'f', 'l', 'e', 'k', 'h', 'q', 'w'].
Each character can be used multiple times. Please write None if there is no valid combination.!! game is NOT reloaded.. !!
[🔤	Anagram Scribble_1]
Construct a valid 5-character English word from the following letters:
['x', 'r', 'j', 'h', 'a', 'q', 'v', 'e', 'c', 'y'].
Each character can be used multiple times. Please write None if there is no valid combination.!! game is NOT reloaded.. !!
[🔤	Anagram Scribble_1]
Construct a valid 5-character English word from the following letters:
['z', 'r', 't', 'e', 'w', 'i', 'o', 'm', 'x', 'a'].
Each character can be used multiple times. Please write None if there is no valid combination.!! game is NOT reloaded.. !!
[🔤	Anagram Scribble_1]
Construct a valid 5-character English word from the following letters:
['n', 'a', 'q', 'k', 'o', 'x', 'n', 'v', 'p', 'y'].
Each character can be used multiple times. Please write None if there is no valid combination.!! game is NOT reloaded.. !!
[🔤	Anagram Scribble_1]
Construct a valid 5-character English word from the following letters:
['c', 'q', 'r', 'b', 'g', 'u', 'w', 'y', 'a', 'k'].
Each character can be used multiple times. Please write None if there is no valid combination.!! game is NOT reloaded.. !!
[🔤	Anagram Scribble_1]
Construct a valid 5-character English word from the following letters:
['p', 'k', 'w', 'a', 'y', 'e', 'u', 'u', 'v', 'h'].
Each character can be used multiple times. Please write None if there is no valid combination.!! game is NOT reloaded.. !!
[🔤	Anagram Scribble_1]
Construct a valid 4-character English word from the following letters:
['b', 'k', 'o', 'p', 'd', 'y', 'e', 'o', 'c', 'g'].
Each character can be used multiple times. Please write None if there is no valid combination.!! game is NOT reloaded.. !!
[🔤	Anagram Scribble_1]
Construct a valid 4-character English word from the following letters:
['m', 's', 'l', 'q', 'e', 'w', 'b', 'f', 'r', 'o'].
Each character can be used multiple times. Please write None if there is no valid combination.!! game is NOT reloaded.. !!
[🔤	Anagram Scribble_1]
Construct a valid 5-character English word from the following letters:
['j', 'c', 'w', 'n', 't', 'm', 'a', 'p', 'a', 'c'].
Each character can be used multiple times. Please write None if there is no valid combination.!! game is NOT reloaded.. !!
[🔤	Anagram Scribble_1]
Construct a valid 3-character English word from the following letters:
['l', 't', 'n', 'j', 'a', 'e', 'm', 'e', 'z', 'o'].
Each character can be used multiple times. Please write None if there is no valid combination.!! game is NOT reloaded.. !!
[🔤	Anagram Scribble_1]
Construct a valid 5-character English word from the following letters:
['e', 'f', 'r', 's', 'g', 'o', 'm', 'a', 'p', 'x'].
Each character can be used multiple times. Please write None if there is no valid combination.!! game is NOT reloaded.. !!
[🔤	Anagram Scribble_1]
Construct a valid 5-character English word from the following letters:
['a', 'b', 'e', 'j', 'm', 'a', 'h', 'z', 'f', 't'].
Each character can be used multiple times. Please write None if there is no valid combination.!! game is NOT reloaded.. !!
[🔤	Anagram Scribble_1]
Construct a valid 4-character English word from the following letters:
['u', 'w', 'c', 't', 'j', 'o', 'v', 'z', 'k', 'r'].
Each character can be used multiple times. Please write None if there is no valid combination.!! game is NOT reloaded.. !!
[🔤	Anagram Scribble_1]
Construct a valid 4-character English word from the following letters:
['d', 'e', 'i', 'z', 's', 'g', 'l', 'o', 'a', 'w'].
Each character can be used multiple times. Please write None if there is no valid combination.!! game is NOT reloaded.. !!
[🔤	Anagram Scribble_1]
Construct a valid 3-character English word from the following letters:
['g', 'o', 'e', 'a', 'f', 'p', 'v', 't', 's', 'r'].
Each character can be used multiple times. Please write None if there is no valid combination.!! game is NOT reloaded.. !!
[🔤	Anagram Scribble_1]
Construct a valid 5-character English word from the following letters:
['n', 'm', 'h', 's', 'p', 'a', 'v', 'a', 'f', 'w'].
Each character can be used multiple times. Please write None if there is no valid combination.!! game is NOT reloaded.. !!
[🔤	Anagram Scribble_1]
Construct a valid 3-character English word from the following letters:
['v', 'y', 'z', 'r', 'a', 'c', 'j', 'd', 'l', 'h'].
Each character can be used multiple times. Please write None if there is no valid combination.!! game is NOT reloaded.. !!
[🔤	Anagram Scribble_1]
Construct a valid 4-character English word from the following letters:
['q', 'w', 'v', 'f', 'd', 'z', 'c', 'l', 'r', 'h'].
Each character can be used multiple times. Please write None if there is no valid combination.!! game is NOT reloaded.. !!
[🔤	Anagram Scribble_1]
Construct a valid 3-character English word from the following letters:
['c', 'd', 'y', 'h', 'f', 'z', 'l', 'j', 'g', 'p'].
Each character can be used multiple times. Please write None if there is no valid combination.!! game is NOT reloaded.. !!
[🔤	Anagram Scribble_1]
Construct a valid 3-character English word from the following letters:
['w', 'j', 's', 'n', 'h', 'c', 'a', 'z', 'v', 'y'].
Each character can be used multiple times. Please write None if there is no valid combination.!! game is NOT reloaded.. !!
[🔤	Anagram Scribble_1]
Construct a valid 3-character English word from the following letters:
['p', 'z', 'm', 'v', 'w', 'b', 'a', 's', 'n', 'k'].
Each character can be used multiple times. Please write None if there is no valid combination.!! game is NOT reloaded.. !!
[🔤	Anagram Scribble_1]
Construct a valid 3-character English word from the following letters:
['g', 'z', 'j', 's', 'd', 'b', 'e', 'h', 'r', 't'].
Each character can be used multiple times. Please write None if there is no valid combination.!! game is NOT reloaded.. !!
[🔤	Anagram Scribble_1]
Construct a valid 5-character English word from the following letters:
['n', 'u', 'f', 'r', 'q', 'w', 'i', 'm', 'd', 'e'].
Each character can be used multiple times. Please write None if there is no valid combination.!! game is NOT reloaded.. !!
[🔤	Anagram Scribble_1]
Construct a valid 4-character English word from the following letters:
['n', 'c', 'h', 'i', 'z', 'y', 's', 'o', 'p', 'w'].
Each character can be used multiple times. Please write None if there is no valid combination.!! game is NOT reloaded.. !!
[🔤	Anagram Scribble_1]
Construct a valid 5-character English word from the following letters:
['u', 's', 'g', 'y', 'a', 'v', 'w', 'n', 'l', 'x'].
Each character can be used multiple times. Please write None if there is no valid combination.!! game is NOT reloaded.. !!
[🔤	Anagram Scribble_1]
Construct a valid 4-character English word from the following letters:
['d', 'h', 'a', 'o', 'i', 'w', 'l', 's', 'p', 'k'].
Each character can be used multiple times. Please write None if there is no valid combination.!! game is NOT reloaded.. !!
[🔤	Anagram Scribble_1]
Construct a valid 3-character English word from the following letters:
['h', 'w', 'u', 'y', 'z', 'g', 'p', 'b', 'l', 'f'].
Each character can be used multiple times. Please write None if there is no valid combination.!! game is NOT reloaded.. !!
[🔤	Anagram Scribble_1]
Construct a valid 5-character English word from the following letters:
['y', 'u', 'd', 'g', 'r', 'c', 's', 'h', 'o', 'i'].
Each character can be used multiple times. Please write None if there is no valid combination.!! game is NOT reloaded.. !!
[🔤	Anagram Scribble_1]
Construct a valid 3-character English word from the following letters:
['m', 'k', 'c', 'w', 'g', 'n', 'p', 'e', 'o', 'z'].
Each character can be used multiple times. Please write None if there is no valid combination.!! game is NOT reloaded.. !!
[🔤	Anagram Scribble_1]
Construct a valid 4-character English word from the following letters:
['r', 'h', 'k', 'a', 'd', 't', 'a', 'x', 'g', 'l'].
Each character can be used multiple times. Please write None if there is no valid combination.!! game is NOT reloaded.. !!
[🔤	Anagram Scribble_1]
Construct a valid 3-character English word from the following letters:
['r', 'n', 'x', 'l', 'g', 'p', 'z', 't', 'v', 'e'].
Each character can be used multiple times. Please write None if there is no valid combination.!! game is NOT reloaded.. !!
[🔤	Anagram Scribble_1]
Construct a valid 5-character English word from the following letters:
['j', 'y', 'o', 'l', 'z', 'm', 'x', 'l', 's', 'h'].
Each character can be used multiple times. Please write None if there is no valid combination.!! game is NOT reloaded.. !!
[🔤	Anagram Scribble_1]
Construct a valid 5-character English word from the following letters:
['a', 'h', 'u', 'p', 'n', 'r', 's', 'c', 't', 'x'].
Each character can be used multiple times. Please write None if there is no valid combination.!! game is NOT reloaded.. !!
[🔤	Anagram Scribble_1]
Construct a valid 4-character English word from the following letters:
['b', 'n', 'u', 'a', 'm', 's', 'z', 'g', 'y', 'd'].
Each character can be used multiple times. Please write None if there is no valid combination.!! game is NOT reloaded.. !!
[🔤	Anagram Scribble_1]
Construct a valid 4-character English word from the following letters:
['u', 'z', 'a', 't', 'o', 's', 'l', 'k', 'x', 'h'].
Each character can be used multiple times. Please write None if there is no valid combination.